This file contains any messages produced by compilers while
running configure, to aid debugging if configure makes a mistake.

It was created by libcharset configure 1.4, which was
generated by GNU Autoconf 2.69.  Invocation command line was

  $ /home/automark/Work/qemu-arm-dev/sources/libiconv-1.15/libcharset/configure --disable-option-checking --prefix=/home/automark/Work/qemu-arm-dev/linux-x64/install/libs --build=x86_64-pc-linux-gnu --host=x86_64-pc-linux-gnu --target=x86_64-pc-linux-gnu build_alias=x86_64-pc-linux-gnu host_alias=x86_64-pc-linux-gnu target_alias=x86_64-pc-linux-gnu CC=gcc-7 CFLAGS=-ffunction-sections -fdata-sections -pipe -m64 -g -O0 -w -fgnu89-inline LDFLAGS=-L/home/automark/Work/qemu-arm-dev/linux-x64/install/libs/lib  -g -O0 -v CPPFLAGS=-I/home/automark/Work/qemu-arm-dev/linux-x64/install/libs/include  --cache-file=/dev/null --srcdir=/home/automark/Work/qemu-arm-dev/sources/libiconv-1.15/libcharset

## --------- ##
## Platform. ##
## --------- ##

hostname = automark-VirtualBox
uname -m = x86_64
uname -r = 5.4.0-48-generic
uname -s = Linux
uname -v = #52~18.04.1-Ubuntu SMP Thu Sep 10 12:50:22 UTC 2020

/usr/bin/uname -p = unknown
/bin/uname -X     = unknown

/bin/arch              = unknown
/usr/bin/arch -k       = unknown
/usr/convex/getsysinfo = unknown
/usr/bin/hostinfo      = unknown
/bin/machine           = unknown
/usr/bin/oslevel       = unknown
/bin/universe          = unknown

PATH: /opt/xbb/bin
PATH: /home/automark/.nvm/versions/node/v12.18.4/bin
PATH: /home/automark/.local/bin
PATH: /usr/local/sbin
PATH: /usr/local/bin
PATH: /usr/sbin
PATH: /usr/bin
PATH: /sbin
PATH: /bin
PATH: /usr/games
PATH: /usr/local/games
PATH: /snap/bin
PATH: /home/automark/.local/bin


## ----------- ##
## Core tests. ##
## ----------- ##

configure:2204: checking whether make sets $(MAKE)
configure:2226: result: yes
configure:2245: checking for x86_64-pc-linux-gnu-gcc
configure:2272: result: gcc-7
configure:2541: checking for C compiler version
configure:2550: gcc-7 --version >&5
gcc-7 (Ubuntu 7.5.0-3ubuntu1~18.04) 7.5.0
Copyright (C) 2017 Free Software Foundation, Inc.
This is free software; see the source for copying conditions.  There is NO
warranty; not even for MERCHANTABILITY or FITNESS FOR A PARTICULAR PURPOSE.

configure:2561: $? = 0
configure:2550: gcc-7 -v >&5
Using built-in specs.
COLLECT_GCC=gcc-7
COLLECT_LTO_WRAPPER=/usr/lib/gcc/x86_64-linux-gnu/7/lto-wrapper
OFFLOAD_TARGET_NAMES=nvptx-none
OFFLOAD_TARGET_DEFAULT=1
Target: x86_64-linux-gnu
Configured with: ../src/configure -v --with-pkgversion='Ubuntu 7.5.0-3ubuntu1~18.04' --with-bugurl=file:///usr/share/doc/gcc-7/README.Bugs --enable-languages=c,ada,c++,go,brig,d,fortran,objc,obj-c++ --prefix=/usr --with-gcc-major-version-only --program-suffix=-7 --program-prefix=x86_64-linux-gnu- --enable-shared --enable-linker-build-id --libexecdir=/usr/lib --without-included-gettext --enable-threads=posix --libdir=/usr/lib --enable-nls --enable-bootstrap --enable-clocale=gnu --enable-libstdcxx-debug --enable-libstdcxx-time=yes --with-default-libstdcxx-abi=new --enable-gnu-unique-object --disable-vtable-verify --enable-libmpx --enable-plugin --enable-default-pie --with-system-zlib --with-target-system-zlib --enable-objc-gc=auto --enable-multiarch --disable-werror --with-arch-32=i686 --with-abi=m64 --with-multilib-list=m32,m64,mx32 --enable-multilib --with-tune=generic --enable-offload-targets=nvptx-none --without-cuda-driver --enable-checking=release --build=x86_64-linux-gnu --host=x86_64-linux-gnu --target=x86_64-linux-gnu
Thread model: posix
gcc version 7.5.0 (Ubuntu 7.5.0-3ubuntu1~18.04) 
configure:2561: $? = 0
configure:2550: gcc-7 -V >&5
gcc-7: error: unrecognized command line option '-V'
gcc-7: fatal error: no input files
compilation terminated.
configure:2561: $? = 1
configure:2550: gcc-7 -qversion >&5
gcc-7: error: unrecognized command line option '-qversion'; did you mean '--version'?
gcc-7: fatal error: no input files
compilation terminated.
configure:2561: $? = 1
configure:2581: checking whether the C compiler works
configure:2603: gcc-7 -ffunction-sections -fdata-sections -pipe -m64 -g -O0 -w -fgnu89-inline -I/home/automark/Work/qemu-arm-dev/linux-x64/install/libs/include  -L/home/automark/Work/qemu-arm-dev/linux-x64/install/libs/lib  -g -O0 -v conftest.c  >&5
Using built-in specs.
COLLECT_GCC=gcc-7
COLLECT_LTO_WRAPPER=/usr/lib/gcc/x86_64-linux-gnu/7/lto-wrapper
OFFLOAD_TARGET_NAMES=nvptx-none
OFFLOAD_TARGET_DEFAULT=1
Target: x86_64-linux-gnu
Configured with: ../src/configure -v --with-pkgversion='Ubuntu 7.5.0-3ubuntu1~18.04' --with-bugurl=file:///usr/share/doc/gcc-7/README.Bugs --enable-languages=c,ada,c++,go,brig,d,fortran,objc,obj-c++ --prefix=/usr --with-gcc-major-version-only --program-suffix=-7 --program-prefix=x86_64-linux-gnu- --enable-shared --enable-linker-build-id --libexecdir=/usr/lib --without-included-gettext --enable-threads=posix --libdir=/usr/lib --enable-nls --enable-bootstrap --enable-clocale=gnu --enable-libstdcxx-debug --enable-libstdcxx-time=yes --with-default-libstdcxx-abi=new --enable-gnu-unique-object --disable-vtable-verify --enable-libmpx --enable-plugin --enable-default-pie --with-system-zlib --with-target-system-zlib --enable-objc-gc=auto --enable-multiarch --disable-werror --with-arch-32=i686 --with-abi=m64 --with-multilib-list=m32,m64,mx32 --enable-multilib --with-tune=generic --enable-offload-targets=nvptx-none --without-cuda-driver --enable-checking=release --build=x86_64-linux-gnu --host=x86_64-linux-gnu --target=x86_64-linux-gnu
Thread model: posix
gcc version 7.5.0 (Ubuntu 7.5.0-3ubuntu1~18.04) 
COLLECT_GCC_OPTIONS='-ffunction-sections' '-fdata-sections' '-pipe' '-m64' '-g' '-O0' '-w' '-fgnu89-inline' '-I' '/home/automark/Work/qemu-arm-dev/linux-x64/install/libs/include' '-L/home/automark/Work/qemu-arm-dev/linux-x64/install/libs/lib' '-g' '-O0' '-v' '-mtune=generic' '-march=x86-64'
 /usr/lib/gcc/x86_64-linux-gnu/7/cc1 -quiet -v -I /home/automark/Work/qemu-arm-dev/linux-x64/install/libs/include -imultiarch x86_64-linux-gnu conftest.c -quiet -dumpbase conftest.c -m64 -mtune=generic -march=x86-64 -auxbase conftest -g -g -O0 -O0 -w -version -ffunction-sections -fdata-sections -fgnu89-inline -fstack-protector-strong -Wformat -Wformat-security -o - |
 as -v -W -I /home/automark/Work/qemu-arm-dev/linux-x64/install/libs/include --64 -o /tmp/ccNsymYX.o
GNU C11 (Ubuntu 7.5.0-3ubuntu1~18.04) version 7.5.0 (x86_64-linux-gnu)
	compiled by GNU C version 7.5.0, GMP version 6.1.2, MPFR version 4.0.1, MPC version 1.1.0, isl version isl-0.19-GMP

GGC heuristics: --param ggc-min-expand=100 --param ggc-min-heapsize=131072
ignoring nonexistent directory "/usr/local/include/x86_64-linux-gnu"
ignoring nonexistent directory "/usr/lib/gcc/x86_64-linux-gnu/7/../../../../x86_64-linux-gnu/include"
#include "..." search starts here:
#include <...> search starts here:
 /home/automark/Work/qemu-arm-dev/linux-x64/install/libs/include
 /usr/lib/gcc/x86_64-linux-gnu/7/include
 /usr/local/include
 /usr/lib/gcc/x86_64-linux-gnu/7/include-fixed
 /usr/include/x86_64-linux-gnu
 /usr/include
End of search list.
GNU C11 (Ubuntu 7.5.0-3ubuntu1~18.04) version 7.5.0 (x86_64-linux-gnu)
	compiled by GNU C version 7.5.0, GMP version 6.1.2, MPFR version 4.0.1, MPC version 1.1.0, isl version isl-0.19-GMP

GGC heuristics: --param ggc-min-expand=100 --param ggc-min-heapsize=131072
GNU assembler version 2.30 (x86_64-linux-gnu) using BFD version (GNU Binutils for Ubuntu) 2.30
Compiler executable checksum: b62ed4a2880cd4159476ea8293b72fa8
COMPILER_PATH=/usr/lib/gcc/x86_64-linux-gnu/7/:/usr/lib/gcc/x86_64-linux-gnu/7/:/usr/lib/gcc/x86_64-linux-gnu/:/usr/lib/gcc/x86_64-linux-gnu/7/:/usr/lib/gcc/x86_64-linux-gnu/
LIBRARY_PATH=/usr/lib/gcc/x86_64-linux-gnu/7/:/usr/lib/gcc/x86_64-linux-gnu/7/../../../x86_64-linux-gnu/:/usr/lib/gcc/x86_64-linux-gnu/7/../../../../lib/:/lib/x86_64-linux-gnu/:/lib/../lib/:/usr/lib/x86_64-linux-gnu/:/usr/lib/../lib/:/usr/lib/gcc/x86_64-linux-gnu/7/../../../:/lib/:/usr/lib/
COLLECT_GCC_OPTIONS='-ffunction-sections' '-fdata-sections' '-pipe' '-m64' '-g' '-O0' '-w' '-fgnu89-inline' '-I' '/home/automark/Work/qemu-arm-dev/linux-x64/install/libs/include' '-L/home/automark/Work/qemu-arm-dev/linux-x64/install/libs/lib' '-g' '-O0' '-v' '-mtune=generic' '-march=x86-64'
 /usr/lib/gcc/x86_64-linux-gnu/7/collect2 -plugin /usr/lib/gcc/x86_64-linux-gnu/7/liblto_plugin.so -plugin-opt=/usr/lib/gcc/x86_64-linux-gnu/7/lto-wrapper -plugin-opt=-fresolution=/tmp/ccbnbNcm.res -plugin-opt=-pass-through=-lgcc -plugin-opt=-pass-through=-lgcc_s -plugin-opt=-pass-through=-lc -plugin-opt=-pass-through=-lgcc -plugin-opt=-pass-through=-lgcc_s --build-id --eh-frame-hdr -m elf_x86_64 --hash-style=gnu --as-needed -dynamic-linker /lib64/ld-linux-x86-64.so.2 -pie -z now -z relro /usr/lib/gcc/x86_64-linux-gnu/7/../../../x86_64-linux-gnu/Scrt1.o /usr/lib/gcc/x86_64-linux-gnu/7/../../../x86_64-linux-gnu/crti.o /usr/lib/gcc/x86_64-linux-gnu/7/crtbeginS.o -L/home/automark/Work/qemu-arm-dev/linux-x64/install/libs/lib -L/usr/lib/gcc/x86_64-linux-gnu/7 -L/usr/lib/gcc/x86_64-linux-gnu/7/../../../x86_64-linux-gnu -L/usr/lib/gcc/x86_64-linux-gnu/7/../../../../lib -L/lib/x86_64-linux-gnu -L/lib/../lib -L/usr/lib/x86_64-linux-gnu -L/usr/lib/../lib -L/usr/lib/gcc/x86_64-linux-gnu/7/../../.. /tmp/ccNsymYX.o -lgcc --push-state --as-needed -lgcc_s --pop-state -lc -lgcc --push-state --as-needed -lgcc_s --pop-state /usr/lib/gcc/x86_64-linux-gnu/7/crtendS.o /usr/lib/gcc/x86_64-linux-gnu/7/../../../x86_64-linux-gnu/crtn.o
COLLECT_GCC_OPTIONS='-ffunction-sections' '-fdata-sections' '-pipe' '-m64' '-g' '-O0' '-w' '-fgnu89-inline' '-I' '/home/automark/Work/qemu-arm-dev/linux-x64/install/libs/include' '-L/home/automark/Work/qemu-arm-dev/linux-x64/install/libs/lib' '-g' '-O0' '-v' '-mtune=generic' '-march=x86-64'
configure:2607: $? = 0
configure:2655: result: yes
configure:2658: checking for C compiler default output file name
configure:2660: result: a.out
configure:2666: checking for suffix of executables
configure:2673: gcc-7 -o conftest -ffunction-sections -fdata-sections -pipe -m64 -g -O0 -w -fgnu89-inline -I/home/automark/Work/qemu-arm-dev/linux-x64/install/libs/include  -L/home/automark/Work/qemu-arm-dev/linux-x64/install/libs/lib  -g -O0 -v conftest.c  >&5
Using built-in specs.
COLLECT_GCC=gcc-7
COLLECT_LTO_WRAPPER=/usr/lib/gcc/x86_64-linux-gnu/7/lto-wrapper
OFFLOAD_TARGET_NAMES=nvptx-none
OFFLOAD_TARGET_DEFAULT=1
Target: x86_64-linux-gnu
Configured with: ../src/configure -v --with-pkgversion='Ubuntu 7.5.0-3ubuntu1~18.04' --with-bugurl=file:///usr/share/doc/gcc-7/README.Bugs --enable-languages=c,ada,c++,go,brig,d,fortran,objc,obj-c++ --prefix=/usr --with-gcc-major-version-only --program-suffix=-7 --program-prefix=x86_64-linux-gnu- --enable-shared --enable-linker-build-id --libexecdir=/usr/lib --without-included-gettext --enable-threads=posix --libdir=/usr/lib --enable-nls --enable-bootstrap --enable-clocale=gnu --enable-libstdcxx-debug --enable-libstdcxx-time=yes --with-default-libstdcxx-abi=new --enable-gnu-unique-object --disable-vtable-verify --enable-libmpx --enable-plugin --enable-default-pie --with-system-zlib --with-target-system-zlib --enable-objc-gc=auto --enable-multiarch --disable-werror --with-arch-32=i686 --with-abi=m64 --with-multilib-list=m32,m64,mx32 --enable-multilib --with-tune=generic --enable-offload-targets=nvptx-none --without-cuda-driver --enable-checking=release --build=x86_64-linux-gnu --host=x86_64-linux-gnu --target=x86_64-linux-gnu
Thread model: posix
gcc version 7.5.0 (Ubuntu 7.5.0-3ubuntu1~18.04) 
COLLECT_GCC_OPTIONS='-o' 'conftest' '-ffunction-sections' '-fdata-sections' '-pipe' '-m64' '-g' '-O0' '-w' '-fgnu89-inline' '-I' '/home/automark/Work/qemu-arm-dev/linux-x64/install/libs/include' '-L/home/automark/Work/qemu-arm-dev/linux-x64/install/libs/lib' '-g' '-O0' '-v' '-mtune=generic' '-march=x86-64'
 /usr/lib/gcc/x86_64-linux-gnu/7/cc1 -quiet -v -I /home/automark/Work/qemu-arm-dev/linux-x64/install/libs/include -imultiarch x86_64-linux-gnu conftest.c -quiet -dumpbase conftest.c -m64 -mtune=generic -march=x86-64 -auxbase conftest -g -g -O0 -O0 -w -version -ffunction-sections -fdata-sections -fgnu89-inline -fstack-protector-strong -Wformat -Wformat-security -o - |
 as -v -W -I /home/automark/Work/qemu-arm-dev/linux-x64/install/libs/include --64 -o /tmp/ccZU80v1.o
GNU assembler version 2.30 (x86_64-linux-gnu) using BFD version (GNU Binutils for Ubuntu) 2.30
GNU C11 (Ubuntu 7.5.0-3ubuntu1~18.04) version 7.5.0 (x86_64-linux-gnu)
	compiled by GNU C version 7.5.0, GMP version 6.1.2, MPFR version 4.0.1, MPC version 1.1.0, isl version isl-0.19-GMP

GGC heuristics: --param ggc-min-expand=100 --param ggc-min-heapsize=131072
ignoring nonexistent directory "/usr/local/include/x86_64-linux-gnu"
ignoring nonexistent directory "/usr/lib/gcc/x86_64-linux-gnu/7/../../../../x86_64-linux-gnu/include"
#include "..." search starts here:
#include <...> search starts here:
 /home/automark/Work/qemu-arm-dev/linux-x64/install/libs/include
 /usr/lib/gcc/x86_64-linux-gnu/7/include
 /usr/local/include
 /usr/lib/gcc/x86_64-linux-gnu/7/include-fixed
 /usr/include/x86_64-linux-gnu
 /usr/include
End of search list.
GNU C11 (Ubuntu 7.5.0-3ubuntu1~18.04) version 7.5.0 (x86_64-linux-gnu)
	compiled by GNU C version 7.5.0, GMP version 6.1.2, MPFR version 4.0.1, MPC version 1.1.0, isl version isl-0.19-GMP

GGC heuristics: --param ggc-min-expand=100 --param ggc-min-heapsize=131072
Compiler executable checksum: b62ed4a2880cd4159476ea8293b72fa8
COMPILER_PATH=/usr/lib/gcc/x86_64-linux-gnu/7/:/usr/lib/gcc/x86_64-linux-gnu/7/:/usr/lib/gcc/x86_64-linux-gnu/:/usr/lib/gcc/x86_64-linux-gnu/7/:/usr/lib/gcc/x86_64-linux-gnu/
LIBRARY_PATH=/usr/lib/gcc/x86_64-linux-gnu/7/:/usr/lib/gcc/x86_64-linux-gnu/7/../../../x86_64-linux-gnu/:/usr/lib/gcc/x86_64-linux-gnu/7/../../../../lib/:/lib/x86_64-linux-gnu/:/lib/../lib/:/usr/lib/x86_64-linux-gnu/:/usr/lib/../lib/:/usr/lib/gcc/x86_64-linux-gnu/7/../../../:/lib/:/usr/lib/
COLLECT_GCC_OPTIONS='-o' 'conftest' '-ffunction-sections' '-fdata-sections' '-pipe' '-m64' '-g' '-O0' '-w' '-fgnu89-inline' '-I' '/home/automark/Work/qemu-arm-dev/linux-x64/install/libs/include' '-L/home/automark/Work/qemu-arm-dev/linux-x64/install/libs/lib' '-g' '-O0' '-v' '-mtune=generic' '-march=x86-64'
 /usr/lib/gcc/x86_64-linux-gnu/7/collect2 -plugin /usr/lib/gcc/x86_64-linux-gnu/7/liblto_plugin.so -plugin-opt=/usr/lib/gcc/x86_64-linux-gnu/7/lto-wrapper -plugin-opt=-fresolution=/tmp/ccr3zL3p.res -plugin-opt=-pass-through=-lgcc -plugin-opt=-pass-through=-lgcc_s -plugin-opt=-pass-through=-lc -plugin-opt=-pass-through=-lgcc -plugin-opt=-pass-through=-lgcc_s --build-id --eh-frame-hdr -m elf_x86_64 --hash-style=gnu --as-needed -dynamic-linker /lib64/ld-linux-x86-64.so.2 -pie -z now -z relro -o conftest /usr/lib/gcc/x86_64-linux-gnu/7/../../../x86_64-linux-gnu/Scrt1.o /usr/lib/gcc/x86_64-linux-gnu/7/../../../x86_64-linux-gnu/crti.o /usr/lib/gcc/x86_64-linux-gnu/7/crtbeginS.o -L/home/automark/Work/qemu-arm-dev/linux-x64/install/libs/lib -L/usr/lib/gcc/x86_64-linux-gnu/7 -L/usr/lib/gcc/x86_64-linux-gnu/7/../../../x86_64-linux-gnu -L/usr/lib/gcc/x86_64-linux-gnu/7/../../../../lib -L/lib/x86_64-linux-gnu -L/lib/../lib -L/usr/lib/x86_64-linux-gnu -L/usr/lib/../lib -L/usr/lib/gcc/x86_64-linux-gnu/7/../../.. /tmp/ccZU80v1.o -lgcc --push-state --as-needed -lgcc_s --pop-state -lc -lgcc --push-state --as-needed -lgcc_s --pop-state /usr/lib/gcc/x86_64-linux-gnu/7/crtendS.o /usr/lib/gcc/x86_64-linux-gnu/7/../../../x86_64-linux-gnu/crtn.o
COLLECT_GCC_OPTIONS='-o' 'conftest' '-ffunction-sections' '-fdata-sections' '-pipe' '-m64' '-g' '-O0' '-w' '-fgnu89-inline' '-I' '/home/automark/Work/qemu-arm-dev/linux-x64/install/libs/include' '-L/home/automark/Work/qemu-arm-dev/linux-x64/install/libs/lib' '-g' '-O0' '-v' '-mtune=generic' '-march=x86-64'
configure:2677: $? = 0
configure:2699: result: 
configure:2721: checking whether we are cross compiling
configure:2729: gcc-7 -o conftest -ffunction-sections -fdata-sections -pipe -m64 -g -O0 -w -fgnu89-inline -I/home/automark/Work/qemu-arm-dev/linux-x64/install/libs/include  -L/home/automark/Work/qemu-arm-dev/linux-x64/install/libs/lib  -g -O0 -v conftest.c  >&5
Using built-in specs.
COLLECT_GCC=gcc-7
COLLECT_LTO_WRAPPER=/usr/lib/gcc/x86_64-linux-gnu/7/lto-wrapper
OFFLOAD_TARGET_NAMES=nvptx-none
OFFLOAD_TARGET_DEFAULT=1
Target: x86_64-linux-gnu
Configured with: ../src/configure -v --with-pkgversion='Ubuntu 7.5.0-3ubuntu1~18.04' --with-bugurl=file:///usr/share/doc/gcc-7/README.Bugs --enable-languages=c,ada,c++,go,brig,d,fortran,objc,obj-c++ --prefix=/usr --with-gcc-major-version-only --program-suffix=-7 --program-prefix=x86_64-linux-gnu- --enable-shared --enable-linker-build-id --libexecdir=/usr/lib --without-included-gettext --enable-threads=posix --libdir=/usr/lib --enable-nls --enable-bootstrap --enable-clocale=gnu --enable-libstdcxx-debug --enable-libstdcxx-time=yes --with-default-libstdcxx-abi=new --enable-gnu-unique-object --disable-vtable-verify --enable-libmpx --enable-plugin --enable-default-pie --with-system-zlib --with-target-system-zlib --enable-objc-gc=auto --enable-multiarch --disable-werror --with-arch-32=i686 --with-abi=m64 --with-multilib-list=m32,m64,mx32 --enable-multilib --with-tune=generic --enable-offload-targets=nvptx-none --without-cuda-driver --enable-checking=release --build=x86_64-linux-gnu --host=x86_64-linux-gnu --target=x86_64-linux-gnu
Thread model: posix
gcc version 7.5.0 (Ubuntu 7.5.0-3ubuntu1~18.04) 
COLLECT_GCC_OPTIONS='-o' 'conftest' '-ffunction-sections' '-fdata-sections' '-pipe' '-m64' '-g' '-O0' '-w' '-fgnu89-inline' '-I' '/home/automark/Work/qemu-arm-dev/linux-x64/install/libs/include' '-L/home/automark/Work/qemu-arm-dev/linux-x64/install/libs/lib' '-g' '-O0' '-v' '-mtune=generic' '-march=x86-64'
 /usr/lib/gcc/x86_64-linux-gnu/7/cc1 -quiet -v -I /home/automark/Work/qemu-arm-dev/linux-x64/install/libs/include -imultiarch x86_64-linux-gnu conftest.c -quiet -dumpbase conftest.c -m64 -mtune=generic -march=x86-64 -auxbase conftest -g -g -O0 -O0 -w -version -ffunction-sections -fdata-sections -fgnu89-inline -fstack-protector-strong -Wformat -Wformat-security -o - |
 as -v -W -I /home/automark/Work/qemu-arm-dev/linux-x64/install/libs/include --64 -o /tmp/cc8EvUT9.o
GNU assembler version 2.30 (x86_64-linux-gnu) using BFD version (GNU Binutils for Ubuntu) 2.30
GNU C11 (Ubuntu 7.5.0-3ubuntu1~18.04) version 7.5.0 (x86_64-linux-gnu)
	compiled by GNU C version 7.5.0, GMP version 6.1.2, MPFR version 4.0.1, MPC version 1.1.0, isl version isl-0.19-GMP

GGC heuristics: --param ggc-min-expand=100 --param ggc-min-heapsize=131072
ignoring nonexistent directory "/usr/local/include/x86_64-linux-gnu"
ignoring nonexistent directory "/usr/lib/gcc/x86_64-linux-gnu/7/../../../../x86_64-linux-gnu/include"
#include "..." search starts here:
#include <...> search starts here:
 /home/automark/Work/qemu-arm-dev/linux-x64/install/libs/include
 /usr/lib/gcc/x86_64-linux-gnu/7/include
 /usr/local/include
 /usr/lib/gcc/x86_64-linux-gnu/7/include-fixed
 /usr/include/x86_64-linux-gnu
 /usr/include
End of search list.
GNU C11 (Ubuntu 7.5.0-3ubuntu1~18.04) version 7.5.0 (x86_64-linux-gnu)
	compiled by GNU C version 7.5.0, GMP version 6.1.2, MPFR version 4.0.1, MPC version 1.1.0, isl version isl-0.19-GMP

GGC heuristics: --param ggc-min-expand=100 --param ggc-min-heapsize=131072
Compiler executable checksum: b62ed4a2880cd4159476ea8293b72fa8
COMPILER_PATH=/usr/lib/gcc/x86_64-linux-gnu/7/:/usr/lib/gcc/x86_64-linux-gnu/7/:/usr/lib/gcc/x86_64-linux-gnu/:/usr/lib/gcc/x86_64-linux-gnu/7/:/usr/lib/gcc/x86_64-linux-gnu/
LIBRARY_PATH=/usr/lib/gcc/x86_64-linux-gnu/7/:/usr/lib/gcc/x86_64-linux-gnu/7/../../../x86_64-linux-gnu/:/usr/lib/gcc/x86_64-linux-gnu/7/../../../../lib/:/lib/x86_64-linux-gnu/:/lib/../lib/:/usr/lib/x86_64-linux-gnu/:/usr/lib/../lib/:/usr/lib/gcc/x86_64-linux-gnu/7/../../../:/lib/:/usr/lib/
COLLECT_GCC_OPTIONS='-o' 'conftest' '-ffunction-sections' '-fdata-sections' '-pipe' '-m64' '-g' '-O0' '-w' '-fgnu89-inline' '-I' '/home/automark/Work/qemu-arm-dev/linux-x64/install/libs/include' '-L/home/automark/Work/qemu-arm-dev/linux-x64/install/libs/lib' '-g' '-O0' '-v' '-mtune=generic' '-march=x86-64'
 /usr/lib/gcc/x86_64-linux-gnu/7/collect2 -plugin /usr/lib/gcc/x86_64-linux-gnu/7/liblto_plugin.so -plugin-opt=/usr/lib/gcc/x86_64-linux-gnu/7/lto-wrapper -plugin-opt=-fresolution=/tmp/cczf6LMy.res -plugin-opt=-pass-through=-lgcc -plugin-opt=-pass-through=-lgcc_s -plugin-opt=-pass-through=-lc -plugin-opt=-pass-through=-lgcc -plugin-opt=-pass-through=-lgcc_s --build-id --eh-frame-hdr -m elf_x86_64 --hash-style=gnu --as-needed -dynamic-linker /lib64/ld-linux-x86-64.so.2 -pie -z now -z relro -o conftest /usr/lib/gcc/x86_64-linux-gnu/7/../../../x86_64-linux-gnu/Scrt1.o /usr/lib/gcc/x86_64-linux-gnu/7/../../../x86_64-linux-gnu/crti.o /usr/lib/gcc/x86_64-linux-gnu/7/crtbeginS.o -L/home/automark/Work/qemu-arm-dev/linux-x64/install/libs/lib -L/usr/lib/gcc/x86_64-linux-gnu/7 -L/usr/lib/gcc/x86_64-linux-gnu/7/../../../x86_64-linux-gnu -L/usr/lib/gcc/x86_64-linux-gnu/7/../../../../lib -L/lib/x86_64-linux-gnu -L/lib/../lib -L/usr/lib/x86_64-linux-gnu -L/usr/lib/../lib -L/usr/lib/gcc/x86_64-linux-gnu/7/../../.. /tmp/cc8EvUT9.o -lgcc --push-state --as-needed -lgcc_s --pop-state -lc -lgcc --push-state --as-needed -lgcc_s --pop-state /usr/lib/gcc/x86_64-linux-gnu/7/crtendS.o /usr/lib/gcc/x86_64-linux-gnu/7/../../../x86_64-linux-gnu/crtn.o
COLLECT_GCC_OPTIONS='-o' 'conftest' '-ffunction-sections' '-fdata-sections' '-pipe' '-m64' '-g' '-O0' '-w' '-fgnu89-inline' '-I' '/home/automark/Work/qemu-arm-dev/linux-x64/install/libs/include' '-L/home/automark/Work/qemu-arm-dev/linux-x64/install/libs/lib' '-g' '-O0' '-v' '-mtune=generic' '-march=x86-64'
configure:2733: $? = 0
configure:2740: ./conftest
configure:2744: $? = 0
configure:2759: result: no
configure:2764: checking for suffix of object files
configure:2786: gcc-7 -c -ffunction-sections -fdata-sections -pipe -m64 -g -O0 -w -fgnu89-inline -I/home/automark/Work/qemu-arm-dev/linux-x64/install/libs/include  conftest.c >&5
configure:2790: $? = 0
configure:2811: result: o
configure:2815: checking whether we are using the GNU C compiler
configure:2834: gcc-7 -c -ffunction-sections -fdata-sections -pipe -m64 -g -O0 -w -fgnu89-inline -I/home/automark/Work/qemu-arm-dev/linux-x64/install/libs/include  conftest.c >&5
configure:2834: $? = 0
configure:2843: result: yes
configure:2852: checking whether gcc-7 accepts -g
configure:2872: gcc-7 -c -g -I/home/automark/Work/qemu-arm-dev/linux-x64/install/libs/include  conftest.c >&5
configure:2872: $? = 0
configure:2913: result: yes
configure:2930: checking for gcc-7 option to accept ISO C89
configure:2993: gcc-7  -c -ffunction-sections -fdata-sections -pipe -m64 -g -O0 -w -fgnu89-inline -I/home/automark/Work/qemu-arm-dev/linux-x64/install/libs/include  conftest.c >&5
configure:2993: $? = 0
configure:3006: result: none needed
configure:3031: checking how to run the C preprocessor
configure:3062: gcc-7 -E -I/home/automark/Work/qemu-arm-dev/linux-x64/install/libs/include  conftest.c
configure:3062: $? = 0
configure:3076: gcc-7 -E -I/home/automark/Work/qemu-arm-dev/linux-x64/install/libs/include  conftest.c
conftest.c:9:10: fatal error: ac_nonexistent.h: No such file or directory
 #include <ac_nonexistent.h>
          ^~~~~~~~~~~~~~~~~~
compilation terminated.
configure:3076: $? = 1
configure: failed program was:
| /* confdefs.h */
| #define PACKAGE_NAME "libcharset"
| #define PACKAGE_TARNAME "libcharset"
| #define PACKAGE_VERSION "1.4"
| #define PACKAGE_STRING "libcharset 1.4"
| #define PACKAGE_BUGREPORT ""
| #define PACKAGE_URL ""
| /* end confdefs.h.  */
| #include <ac_nonexistent.h>
configure:3101: result: gcc-7 -E
configure:3121: gcc-7 -E -I/home/automark/Work/qemu-arm-dev/linux-x64/install/libs/include  conftest.c
configure:3121: $? = 0
configure:3135: gcc-7 -E -I/home/automark/Work/qemu-arm-dev/linux-x64/install/libs/include  conftest.c
conftest.c:9:10: fatal error: ac_nonexistent.h: No such file or directory
 #include <ac_nonexistent.h>
          ^~~~~~~~~~~~~~~~~~
compilation terminated.
configure:3135: $? = 1
configure: failed program was:
| /* confdefs.h */
| #define PACKAGE_NAME "libcharset"
| #define PACKAGE_TARNAME "libcharset"
| #define PACKAGE_VERSION "1.4"
| #define PACKAGE_STRING "libcharset 1.4"
| #define PACKAGE_BUGREPORT ""
| #define PACKAGE_URL ""
| /* end confdefs.h.  */
| #include <ac_nonexistent.h>
configure:3177: checking for a BSD-compatible install
configure:3245: result: /usr/bin/install -c
configure:3262: checking build system type
configure:3276: result: x86_64-pc-linux-gnu
configure:3296: checking host system type
configure:3309: result: x86_64-pc-linux-gnu
configure:3332: checking whether to activate relocatable installation
configure:3347: result: no
configure:3376: checking for grep that handles long lines and -e
configure:3434: result: /bin/grep
configure:3439: checking for egrep
configure:3501: result: /bin/grep -E
configure:3506: checking for ANSI C header files
configure:3526: gcc-7 -c -ffunction-sections -fdata-sections -pipe -m64 -g -O0 -w -fgnu89-inline -I/home/automark/Work/qemu-arm-dev/linux-x64/install/libs/include  conftest.c >&5
configure:3526: $? = 0
configure:3599: gcc-7 -o conftest -ffunction-sections -fdata-sections -pipe -m64 -g -O0 -w -fgnu89-inline -I/home/automark/Work/qemu-arm-dev/linux-x64/install/libs/include  -L/home/automark/Work/qemu-arm-dev/linux-x64/install/libs/lib  -g -O0 -v conftest.c  >&5
Using built-in specs.
COLLECT_GCC=gcc-7
COLLECT_LTO_WRAPPER=/usr/lib/gcc/x86_64-linux-gnu/7/lto-wrapper
OFFLOAD_TARGET_NAMES=nvptx-none
OFFLOAD_TARGET_DEFAULT=1
Target: x86_64-linux-gnu
Configured with: ../src/configure -v --with-pkgversion='Ubuntu 7.5.0-3ubuntu1~18.04' --with-bugurl=file:///usr/share/doc/gcc-7/README.Bugs --enable-languages=c,ada,c++,go,brig,d,fortran,objc,obj-c++ --prefix=/usr --with-gcc-major-version-only --program-suffix=-7 --program-prefix=x86_64-linux-gnu- --enable-shared --enable-linker-build-id --libexecdir=/usr/lib --without-included-gettext --enable-threads=posix --libdir=/usr/lib --enable-nls --enable-bootstrap --enable-clocale=gnu --enable-libstdcxx-debug --enable-libstdcxx-time=yes --with-default-libstdcxx-abi=new --enable-gnu-unique-object --disable-vtable-verify --enable-libmpx --enable-plugin --enable-default-pie --with-system-zlib --with-target-system-zlib --enable-objc-gc=auto --enable-multiarch --disable-werror --with-arch-32=i686 --with-abi=m64 --with-multilib-list=m32,m64,mx32 --enable-multilib --with-tune=generic --enable-offload-targets=nvptx-none --without-cuda-driver --enable-checking=release --build=x86_64-linux-gnu --host=x86_64-linux-gnu --target=x86_64-linux-gnu
Thread model: posix
gcc version 7.5.0 (Ubuntu 7.5.0-3ubuntu1~18.04) 
COLLECT_GCC_OPTIONS='-o' 'conftest' '-ffunction-sections' '-fdata-sections' '-pipe' '-m64' '-g' '-O0' '-w' '-fgnu89-inline' '-I' '/home/automark/Work/qemu-arm-dev/linux-x64/install/libs/include' '-L/home/automark/Work/qemu-arm-dev/linux-x64/install/libs/lib' '-g' '-O0' '-v' '-mtune=generic' '-march=x86-64'
 /usr/lib/gcc/x86_64-linux-gnu/7/cc1 -quiet -v -I /home/automark/Work/qemu-arm-dev/linux-x64/install/libs/include -imultiarch x86_64-linux-gnu conftest.c -quiet -dumpbase conftest.c -m64 -mtune=generic -march=x86-64 -auxbase conftest -g -g -O0 -O0 -w -version -ffunction-sections -fdata-sections -fgnu89-inline -fstack-protector-strong -Wformat -Wformat-security -o - |
 as -v -W -I /home/automark/Work/qemu-arm-dev/linux-x64/install/libs/include --64 -o /tmp/ccbIDBGJ.o
GNU assembler version 2.30 (x86_64-linux-gnu) using BFD version (GNU Binutils for Ubuntu) 2.30
GNU C11 (Ubuntu 7.5.0-3ubuntu1~18.04) version 7.5.0 (x86_64-linux-gnu)
	compiled by GNU C version 7.5.0, GMP version 6.1.2, MPFR version 4.0.1, MPC version 1.1.0, isl version isl-0.19-GMP

GGC heuristics: --param ggc-min-expand=100 --param ggc-min-heapsize=131072
ignoring nonexistent directory "/usr/local/include/x86_64-linux-gnu"
ignoring nonexistent directory "/usr/lib/gcc/x86_64-linux-gnu/7/../../../../x86_64-linux-gnu/include"
#include "..." search starts here:
#include <...> search starts here:
 /home/automark/Work/qemu-arm-dev/linux-x64/install/libs/include
 /usr/lib/gcc/x86_64-linux-gnu/7/include
 /usr/local/include
 /usr/lib/gcc/x86_64-linux-gnu/7/include-fixed
 /usr/include/x86_64-linux-gnu
 /usr/include
End of search list.
GNU C11 (Ubuntu 7.5.0-3ubuntu1~18.04) version 7.5.0 (x86_64-linux-gnu)
	compiled by GNU C version 7.5.0, GMP version 6.1.2, MPFR version 4.0.1, MPC version 1.1.0, isl version isl-0.19-GMP

GGC heuristics: --param ggc-min-expand=100 --param ggc-min-heapsize=131072
Compiler executable checksum: b62ed4a2880cd4159476ea8293b72fa8
COMPILER_PATH=/usr/lib/gcc/x86_64-linux-gnu/7/:/usr/lib/gcc/x86_64-linux-gnu/7/:/usr/lib/gcc/x86_64-linux-gnu/:/usr/lib/gcc/x86_64-linux-gnu/7/:/usr/lib/gcc/x86_64-linux-gnu/
LIBRARY_PATH=/usr/lib/gcc/x86_64-linux-gnu/7/:/usr/lib/gcc/x86_64-linux-gnu/7/../../../x86_64-linux-gnu/:/usr/lib/gcc/x86_64-linux-gnu/7/../../../../lib/:/lib/x86_64-linux-gnu/:/lib/../lib/:/usr/lib/x86_64-linux-gnu/:/usr/lib/../lib/:/usr/lib/gcc/x86_64-linux-gnu/7/../../../:/lib/:/usr/lib/
COLLECT_GCC_OPTIONS='-o' 'conftest' '-ffunction-sections' '-fdata-sections' '-pipe' '-m64' '-g' '-O0' '-w' '-fgnu89-inline' '-I' '/home/automark/Work/qemu-arm-dev/linux-x64/install/libs/include' '-L/home/automark/Work/qemu-arm-dev/linux-x64/install/libs/lib' '-g' '-O0' '-v' '-mtune=generic' '-march=x86-64'
 /usr/lib/gcc/x86_64-linux-gnu/7/collect2 -plugin /usr/lib/gcc/x86_64-linux-gnu/7/liblto_plugin.so -plugin-opt=/usr/lib/gcc/x86_64-linux-gnu/7/lto-wrapper -plugin-opt=-fresolution=/tmp/cckAV2Ha.res -plugin-opt=-pass-through=-lgcc -plugin-opt=-pass-through=-lgcc_s -plugin-opt=-pass-through=-lc -plugin-opt=-pass-through=-lgcc -plugin-opt=-pass-through=-lgcc_s --build-id --eh-frame-hdr -m elf_x86_64 --hash-style=gnu --as-needed -dynamic-linker /lib64/ld-linux-x86-64.so.2 -pie -z now -z relro -o conftest /usr/lib/gcc/x86_64-linux-gnu/7/../../../x86_64-linux-gnu/Scrt1.o /usr/lib/gcc/x86_64-linux-gnu/7/../../../x86_64-linux-gnu/crti.o /usr/lib/gcc/x86_64-linux-gnu/7/crtbeginS.o -L/home/automark/Work/qemu-arm-dev/linux-x64/install/libs/lib -L/usr/lib/gcc/x86_64-linux-gnu/7 -L/usr/lib/gcc/x86_64-linux-gnu/7/../../../x86_64-linux-gnu -L/usr/lib/gcc/x86_64-linux-gnu/7/../../../../lib -L/lib/x86_64-linux-gnu -L/lib/../lib -L/usr/lib/x86_64-linux-gnu -L/usr/lib/../lib -L/usr/lib/gcc/x86_64-linux-gnu/7/../../.. /tmp/ccbIDBGJ.o -lgcc --push-state --as-needed -lgcc_s --pop-state -lc -lgcc --push-state --as-needed -lgcc_s --pop-state /usr/lib/gcc/x86_64-linux-gnu/7/crtendS.o /usr/lib/gcc/x86_64-linux-gnu/7/../../../x86_64-linux-gnu/crtn.o
COLLECT_GCC_OPTIONS='-o' 'conftest' '-ffunction-sections' '-fdata-sections' '-pipe' '-m64' '-g' '-O0' '-w' '-fgnu89-inline' '-I' '/home/automark/Work/qemu-arm-dev/linux-x64/install/libs/include' '-L/home/automark/Work/qemu-arm-dev/linux-x64/install/libs/lib' '-g' '-O0' '-v' '-mtune=generic' '-march=x86-64'
configure:3599: $? = 0
configure:3599: ./conftest
configure:3599: $? = 0
configure:3610: result: yes
configure:3623: checking for sys/types.h
configure:3623: gcc-7 -c -ffunction-sections -fdata-sections -pipe -m64 -g -O0 -w -fgnu89-inline -I/home/automark/Work/qemu-arm-dev/linux-x64/install/libs/include  conftest.c >&5
configure:3623: $? = 0
configure:3623: result: yes
configure:3623: checking for sys/stat.h
configure:3623: gcc-7 -c -ffunction-sections -fdata-sections -pipe -m64 -g -O0 -w -fgnu89-inline -I/home/automark/Work/qemu-arm-dev/linux-x64/install/libs/include  conftest.c >&5
configure:3623: $? = 0
configure:3623: result: yes
configure:3623: checking for stdlib.h
configure:3623: gcc-7 -c -ffunction-sections -fdata-sections -pipe -m64 -g -O0 -w -fgnu89-inline -I/home/automark/Work/qemu-arm-dev/linux-x64/install/libs/include  conftest.c >&5
configure:3623: $? = 0
configure:3623: result: yes
configure:3623: checking for string.h
configure:3623: gcc-7 -c -ffunction-sections -fdata-sections -pipe -m64 -g -O0 -w -fgnu89-inline -I/home/automark/Work/qemu-arm-dev/linux-x64/install/libs/include  conftest.c >&5
configure:3623: $? = 0
configure:3623: result: yes
configure:3623: checking for memory.h
configure:3623: gcc-7 -c -ffunction-sections -fdata-sections -pipe -m64 -g -O0 -w -fgnu89-inline -I/home/automark/Work/qemu-arm-dev/linux-x64/install/libs/include  conftest.c >&5
configure:3623: $? = 0
configure:3623: result: yes
configure:3623: checking for strings.h
configure:3623: gcc-7 -c -ffunction-sections -fdata-sections -pipe -m64 -g -O0 -w -fgnu89-inline -I/home/automark/Work/qemu-arm-dev/linux-x64/install/libs/include  conftest.c >&5
configure:3623: $? = 0
configure:3623: result: yes
configure:3623: checking for inttypes.h
configure:3623: gcc-7 -c -ffunction-sections -fdata-sections -pipe -m64 -g -O0 -w -fgnu89-inline -I/home/automark/Work/qemu-arm-dev/linux-x64/install/libs/include  conftest.c >&5
configure:3623: $? = 0
configure:3623: result: yes
configure:3623: checking for stdint.h
configure:3623: gcc-7 -c -ffunction-sections -fdata-sections -pipe -m64 -g -O0 -w -fgnu89-inline -I/home/automark/Work/qemu-arm-dev/linux-x64/install/libs/include  conftest.c >&5
configure:3623: $? = 0
configure:3623: result: yes
configure:3623: checking for unistd.h
configure:3623: gcc-7 -c -ffunction-sections -fdata-sections -pipe -m64 -g -O0 -w -fgnu89-inline -I/home/automark/Work/qemu-arm-dev/linux-x64/install/libs/include  conftest.c >&5
configure:3623: $? = 0
configure:3623: result: yes
configure:3636: checking minix/config.h usability
configure:3636: gcc-7 -c -ffunction-sections -fdata-sections -pipe -m64 -g -O0 -w -fgnu89-inline -I/home/automark/Work/qemu-arm-dev/linux-x64/install/libs/include  conftest.c >&5
conftest.c:53:10: fatal error: minix/config.h: No such file or directory
 #include <minix/config.h>
          ^~~~~~~~~~~~~~~~
compilation terminated.
configure:3636: $? = 1
configure: failed program was:
| /* confdefs.h */
| #define PACKAGE_NAME "libcharset"
| #define PACKAGE_TARNAME "libcharset"
| #define PACKAGE_VERSION "1.4"
| #define PACKAGE_STRING "libcharset 1.4"
| #define PACKAGE_BUGREPORT ""
| #define PACKAGE_URL ""
| #define INSTALLPREFIX "/home/automark/Work/qemu-arm-dev/linux-x64/install/libs"
| #define STDC_HEADERS 1
| #define HAVE_SYS_TYPES_H 1
| #define HAVE_SYS_STAT_H 1
| #define HAVE_STDLIB_H 1
| #define HAVE_STRING_H 1
| #define HAVE_MEMORY_H 1
| #define HAVE_STRINGS_H 1
| #define HAVE_INTTYPES_H 1
| #define HAVE_STDINT_H 1
| #define HAVE_UNISTD_H 1
| /* end confdefs.h.  */
| #include <stdio.h>
| #ifdef HAVE_SYS_TYPES_H
| # include <sys/types.h>
| #endif
| #ifdef HAVE_SYS_STAT_H
| # include <sys/stat.h>
| #endif
| #ifdef STDC_HEADERS
| # include <stdlib.h>
| # include <stddef.h>
| #else
| # ifdef HAVE_STDLIB_H
| #  include <stdlib.h>
| # endif
| #endif
| #ifdef HAVE_STRING_H
| # if !defined STDC_HEADERS && defined HAVE_MEMORY_H
| #  include <memory.h>
| # endif
| # include <string.h>
| #endif
| #ifdef HAVE_STRINGS_H
| # include <strings.h>
| #endif
| #ifdef HAVE_INTTYPES_H
| # include <inttypes.h>
| #endif
| #ifdef HAVE_STDINT_H
| # include <stdint.h>
| #endif
| #ifdef HAVE_UNISTD_H
| # include <unistd.h>
| #endif
| #include <minix/config.h>
configure:3636: result: no
configure:3636: checking minix/config.h presence
configure:3636: gcc-7 -E -I/home/automark/Work/qemu-arm-dev/linux-x64/install/libs/include  conftest.c
conftest.c:20:10: fatal error: minix/config.h: No such file or directory
 #include <minix/config.h>
          ^~~~~~~~~~~~~~~~
compilation terminated.
configure:3636: $? = 1
configure: failed program was:
| /* confdefs.h */
| #define PACKAGE_NAME "libcharset"
| #define PACKAGE_TARNAME "libcharset"
| #define PACKAGE_VERSION "1.4"
| #define PACKAGE_STRING "libcharset 1.4"
| #define PACKAGE_BUGREPORT ""
| #define PACKAGE_URL ""
| #define INSTALLPREFIX "/home/automark/Work/qemu-arm-dev/linux-x64/install/libs"
| #define STDC_HEADERS 1
| #define HAVE_SYS_TYPES_H 1
| #define HAVE_SYS_STAT_H 1
| #define HAVE_STDLIB_H 1
| #define HAVE_STRING_H 1
| #define HAVE_MEMORY_H 1
| #define HAVE_STRINGS_H 1
| #define HAVE_INTTYPES_H 1
| #define HAVE_STDINT_H 1
| #define HAVE_UNISTD_H 1
| /* end confdefs.h.  */
| #include <minix/config.h>
configure:3636: result: no
configure:3636: checking for minix/config.h
configure:3636: result: no
configure:3657: checking whether it is safe to define __EXTENSIONS__
configure:3675: gcc-7 -c -ffunction-sections -fdata-sections -pipe -m64 -g -O0 -w -fgnu89-inline -I/home/automark/Work/qemu-arm-dev/linux-x64/install/libs/include  conftest.c >&5
configure:3675: $? = 0
configure:3682: result: yes
configure:3748: checking how to print strings
configure:3775: result: printf
configure:3796: checking for a sed that does not truncate output
configure:3860: result: /bin/sed
configure:3878: checking for fgrep
configure:3940: result: /bin/grep -F
configure:3975: checking for ld used by gcc-7
configure:4042: result: ld -m elf_x86_64
configure:4049: checking if the linker (ld -m elf_x86_64) is GNU ld
configure:4064: result: yes
configure:4076: checking for BSD- or MS-compatible name lister (nm)
configure:4130: result: gcc-nm-7
configure:4260: checking the name lister (gcc-nm-7) interface
configure:4267: gcc-7 -c -ffunction-sections -fdata-sections -pipe -m64 -g -O0 -w -fgnu89-inline -I/home/automark/Work/qemu-arm-dev/linux-x64/install/libs/include  conftest.c >&5
configure:4270: gcc-nm-7 "conftest.o"
configure:4273: output
0000000000000000 B some_variable
configure:4280: result: BSD nm
configure:4283: checking whether ln -s works
configure:4287: result: yes
configure:4295: checking the maximum length of command line arguments
configure:4426: result: 1572864
configure:4474: checking how to convert x86_64-pc-linux-gnu file names to x86_64-pc-linux-gnu format
configure:4514: result: func_convert_file_noop
configure:4521: checking how to convert x86_64-pc-linux-gnu file names to toolchain format
configure:4541: result: func_convert_file_noop
configure:4548: checking for ld -m elf_x86_64 option to reload object files
configure:4555: result: -r
configure:4589: checking for x86_64-pc-linux-gnu-objdump
configure:4616: result: objdump
configure:4685: checking how to recognize dependent libraries
configure:4885: result: pass_all
configure:4930: checking for x86_64-pc-linux-gnu-dlltool
configure:4957: result: dlltool
configure:5027: checking how to associate runtime and link libraries
configure:5054: result: printf %s\n
configure:5070: checking for x86_64-pc-linux-gnu-ar
configure:5097: result: gcc-ar-7
configure:5178: checking for archiver @FILE support
configure:5195: gcc-7 -c -ffunction-sections -fdata-sections -pipe -m64 -g -O0 -w -fgnu89-inline -I/home/automark/Work/qemu-arm-dev/linux-x64/install/libs/include  conftest.c >&5
configure:5195: $? = 0
configure:5198: gcc-ar-7 cru libconftest.a @conftest.lst >&5
/usr/bin/ar: `u' modifier ignored since `D' is the default (see `U')
configure:5201: $? = 0
configure:5206: gcc-ar-7 cru libconftest.a @conftest.lst >&5
/usr/bin/ar: `u' modifier ignored since `D' is the default (see `U')
/usr/bin/ar: conftest.o: No such file or directory
configure:5209: $? = 1
configure:5221: result: @
configure:5239: checking for x86_64-pc-linux-gnu-strip
configure:5266: result: /usr/bin/strip
configure:5338: checking for x86_64-pc-linux-gnu-ranlib
configure:5365: result: gcc-ranlib-7
configure:5482: checking for gawk
configure:5498: found /usr/bin/gawk
configure:5509: result: gawk
configure:5549: checking command to parse gcc-nm-7 output from gcc-7 object
configure:5702: gcc-7 -c -ffunction-sections -fdata-sections -pipe -m64 -g -O0 -w -fgnu89-inline -I/home/automark/Work/qemu-arm-dev/linux-x64/install/libs/include  conftest.c >&5
configure:5705: $? = 0
configure:5709: gcc-nm-7 conftest.o \| sed -n -e 's/^.*[ ]\([ABCDGIRSTW][ABCDGIRSTW]*\)[ ][ ]*\([_A-Za-z][_A-Za-z0-9]*\)$/\1 \2 \2/p' | sed '/ __gnu_lto/d' \> conftest.nm
configure:5712: $? = 0
configure:5778: gcc-7 -o conftest -ffunction-sections -fdata-sections -pipe -m64 -g -O0 -w -fgnu89-inline -I/home/automark/Work/qemu-arm-dev/linux-x64/install/libs/include  -L/home/automark/Work/qemu-arm-dev/linux-x64/install/libs/lib  -g -O0 -v conftest.c conftstm.o >&5
Using built-in specs.
COLLECT_GCC=gcc-7
COLLECT_LTO_WRAPPER=/usr/lib/gcc/x86_64-linux-gnu/7/lto-wrapper
OFFLOAD_TARGET_NAMES=nvptx-none
OFFLOAD_TARGET_DEFAULT=1
Target: x86_64-linux-gnu
Configured with: ../src/configure -v --with-pkgversion='Ubuntu 7.5.0-3ubuntu1~18.04' --with-bugurl=file:///usr/share/doc/gcc-7/README.Bugs --enable-languages=c,ada,c++,go,brig,d,fortran,objc,obj-c++ --prefix=/usr --with-gcc-major-version-only --program-suffix=-7 --program-prefix=x86_64-linux-gnu- --enable-shared --enable-linker-build-id --libexecdir=/usr/lib --without-included-gettext --enable-threads=posix --libdir=/usr/lib --enable-nls --enable-bootstrap --enable-clocale=gnu --enable-libstdcxx-debug --enable-libstdcxx-time=yes --with-default-libstdcxx-abi=new --enable-gnu-unique-object --disable-vtable-verify --enable-libmpx --enable-plugin --enable-default-pie --with-system-zlib --with-target-system-zlib --enable-objc-gc=auto --enable-multiarch --disable-werror --with-arch-32=i686 --with-abi=m64 --with-multilib-list=m32,m64,mx32 --enable-multilib --with-tune=generic --enable-offload-targets=nvptx-none --without-cuda-driver --enable-checking=release --build=x86_64-linux-gnu --host=x86_64-linux-gnu --target=x86_64-linux-gnu
Thread model: posix
gcc version 7.5.0 (Ubuntu 7.5.0-3ubuntu1~18.04) 
COLLECT_GCC_OPTIONS='-o' 'conftest' '-ffunction-sections' '-fdata-sections' '-pipe' '-m64' '-g' '-O0' '-w' '-fgnu89-inline' '-I' '/home/automark/Work/qemu-arm-dev/linux-x64/install/libs/include' '-L/home/automark/Work/qemu-arm-dev/linux-x64/install/libs/lib' '-g' '-O0' '-v' '-mtune=generic' '-march=x86-64'
 /usr/lib/gcc/x86_64-linux-gnu/7/cc1 -quiet -v -I /home/automark/Work/qemu-arm-dev/linux-x64/install/libs/include -imultiarch x86_64-linux-gnu conftest.c -quiet -dumpbase conftest.c -m64 -mtune=generic -march=x86-64 -auxbase conftest -g -g -O0 -O0 -w -version -ffunction-sections -fdata-sections -fgnu89-inline -fstack-protector-strong -Wformat -Wformat-security -o - |
 as -v -W -I /home/automark/Work/qemu-arm-dev/linux-x64/install/libs/include --64 -o /tmp/cc472wZQ.o
GNU assembler version 2.30 (x86_64-linux-gnu) using BFD version (GNU Binutils for Ubuntu) 2.30
GNU C11 (Ubuntu 7.5.0-3ubuntu1~18.04) version 7.5.0 (x86_64-linux-gnu)
	compiled by GNU C version 7.5.0, GMP version 6.1.2, MPFR version 4.0.1, MPC version 1.1.0, isl version isl-0.19-GMP

GGC heuristics: --param ggc-min-expand=100 --param ggc-min-heapsize=131072
ignoring nonexistent directory "/usr/local/include/x86_64-linux-gnu"
ignoring nonexistent directory "/usr/lib/gcc/x86_64-linux-gnu/7/../../../../x86_64-linux-gnu/include"
#include "..." search starts here:
#include <...> search starts here:
 /home/automark/Work/qemu-arm-dev/linux-x64/install/libs/include
 /usr/lib/gcc/x86_64-linux-gnu/7/include
 /usr/local/include
 /usr/lib/gcc/x86_64-linux-gnu/7/include-fixed
 /usr/include/x86_64-linux-gnu
 /usr/include
End of search list.
GNU C11 (Ubuntu 7.5.0-3ubuntu1~18.04) version 7.5.0 (x86_64-linux-gnu)
	compiled by GNU C version 7.5.0, GMP version 6.1.2, MPFR version 4.0.1, MPC version 1.1.0, isl version isl-0.19-GMP

GGC heuristics: --param ggc-min-expand=100 --param ggc-min-heapsize=131072
Compiler executable checksum: b62ed4a2880cd4159476ea8293b72fa8
COMPILER_PATH=/usr/lib/gcc/x86_64-linux-gnu/7/:/usr/lib/gcc/x86_64-linux-gnu/7/:/usr/lib/gcc/x86_64-linux-gnu/:/usr/lib/gcc/x86_64-linux-gnu/7/:/usr/lib/gcc/x86_64-linux-gnu/
LIBRARY_PATH=/usr/lib/gcc/x86_64-linux-gnu/7/:/usr/lib/gcc/x86_64-linux-gnu/7/../../../x86_64-linux-gnu/:/usr/lib/gcc/x86_64-linux-gnu/7/../../../../lib/:/lib/x86_64-linux-gnu/:/lib/../lib/:/usr/lib/x86_64-linux-gnu/:/usr/lib/../lib/:/usr/lib/gcc/x86_64-linux-gnu/7/../../../:/lib/:/usr/lib/
COLLECT_GCC_OPTIONS='-o' 'conftest' '-ffunction-sections' '-fdata-sections' '-pipe' '-m64' '-g' '-O0' '-w' '-fgnu89-inline' '-I' '/home/automark/Work/qemu-arm-dev/linux-x64/install/libs/include' '-L/home/automark/Work/qemu-arm-dev/linux-x64/install/libs/lib' '-g' '-O0' '-v' '-mtune=generic' '-march=x86-64'
 /usr/lib/gcc/x86_64-linux-gnu/7/collect2 -plugin /usr/lib/gcc/x86_64-linux-gnu/7/liblto_plugin.so -plugin-opt=/usr/lib/gcc/x86_64-linux-gnu/7/lto-wrapper -plugin-opt=-fresolution=/tmp/ccWa0DNl.res -plugin-opt=-pass-through=-lgcc -plugin-opt=-pass-through=-lgcc_s -plugin-opt=-pass-through=-lc -plugin-opt=-pass-through=-lgcc -plugin-opt=-pass-through=-lgcc_s --build-id --eh-frame-hdr -m elf_x86_64 --hash-style=gnu --as-needed -dynamic-linker /lib64/ld-linux-x86-64.so.2 -pie -z now -z relro -o conftest /usr/lib/gcc/x86_64-linux-gnu/7/../../../x86_64-linux-gnu/Scrt1.o /usr/lib/gcc/x86_64-linux-gnu/7/../../../x86_64-linux-gnu/crti.o /usr/lib/gcc/x86_64-linux-gnu/7/crtbeginS.o -L/home/automark/Work/qemu-arm-dev/linux-x64/install/libs/lib -L/usr/lib/gcc/x86_64-linux-gnu/7 -L/usr/lib/gcc/x86_64-linux-gnu/7/../../../x86_64-linux-gnu -L/usr/lib/gcc/x86_64-linux-gnu/7/../../../../lib -L/lib/x86_64-linux-gnu -L/lib/../lib -L/usr/lib/x86_64-linux-gnu -L/usr/lib/../lib -L/usr/lib/gcc/x86_64-linux-gnu/7/../../.. /tmp/cc472wZQ.o conftstm.o -lgcc --push-state --as-needed -lgcc_s --pop-state -lc -lgcc --push-state --as-needed -lgcc_s --pop-state /usr/lib/gcc/x86_64-linux-gnu/7/crtendS.o /usr/lib/gcc/x86_64-linux-gnu/7/../../../x86_64-linux-gnu/crtn.o
COLLECT_GCC_OPTIONS='-o' 'conftest' '-ffunction-sections' '-fdata-sections' '-pipe' '-m64' '-g' '-O0' '-w' '-fgnu89-inline' '-I' '/home/automark/Work/qemu-arm-dev/linux-x64/install/libs/include' '-L/home/automark/Work/qemu-arm-dev/linux-x64/install/libs/lib' '-g' '-O0' '-v' '-mtune=generic' '-march=x86-64'
configure:5781: $? = 0
configure:5819: result: ok
configure:5866: checking for sysroot
configure:5896: result: no
configure:5903: checking for a working dd
configure:5941: result: /bin/dd
configure:5945: checking how to truncate binary pipes
configure:5960: result: /bin/dd bs=4096 count=1
configure:6096: gcc-7 -c -ffunction-sections -fdata-sections -pipe -m64 -g -O0 -w -fgnu89-inline -I/home/automark/Work/qemu-arm-dev/linux-x64/install/libs/include  conftest.c >&5
configure:6099: $? = 0
configure:6249: checking for x86_64-pc-linux-gnu-mt
configure:6279: result: no
configure:6289: checking for mt
configure:6305: found /bin/mt
configure:6316: result: mt
configure:6339: checking if mt is a manifest tool
configure:6345: mt '-?'
configure:6353: result: no
configure:7027: checking for dlfcn.h
configure:7027: gcc-7 -c -ffunction-sections -fdata-sections -pipe -m64 -g -O0 -w -fgnu89-inline -I/home/automark/Work/qemu-arm-dev/linux-x64/install/libs/include  conftest.c >&5
configure:7027: $? = 0
configure:7027: result: yes
configure:7581: checking for objdir
configure:7596: result: .libs
configure:7860: checking if gcc-7 supports -fno-rtti -fno-exceptions
configure:7878: gcc-7 -c -ffunction-sections -fdata-sections -pipe -m64 -g -O0 -w -fgnu89-inline -I/home/automark/Work/qemu-arm-dev/linux-x64/install/libs/include  -fno-rtti -fno-exceptions conftest.c >&5
configure:7882: $? = 0
configure:7895: result: yes
configure:8253: checking for gcc-7 option to produce PIC
configure:8260: result: -fPIC -DPIC
configure:8268: checking if gcc-7 PIC flag -fPIC -DPIC works
configure:8286: gcc-7 -c -ffunction-sections -fdata-sections -pipe -m64 -g -O0 -w -fgnu89-inline -I/home/automark/Work/qemu-arm-dev/linux-x64/install/libs/include  -fPIC -DPIC -DPIC conftest.c >&5
configure:8290: $? = 0
configure:8303: result: yes
configure:8332: checking if gcc-7 static flag -static works
Using built-in specs.
COLLECT_GCC=gcc-7
COLLECT_LTO_WRAPPER=/usr/lib/gcc/x86_64-linux-gnu/7/lto-wrapper
OFFLOAD_TARGET_NAMES=nvptx-none
OFFLOAD_TARGET_DEFAULT=1
Target: x86_64-linux-gnu
Configured with: ../src/configure -v --with-pkgversion='Ubuntu 7.5.0-3ubuntu1~18.04' --with-bugurl=file:///usr/share/doc/gcc-7/README.Bugs --enable-languages=c,ada,c++,go,brig,d,fortran,objc,obj-c++ --prefix=/usr --with-gcc-major-version-only --program-suffix=-7 --program-prefix=x86_64-linux-gnu- --enable-shared --enable-linker-build-id --libexecdir=/usr/lib --without-included-gettext --enable-threads=posix --libdir=/usr/lib --enable-nls --enable-bootstrap --enable-clocale=gnu --enable-libstdcxx-debug --enable-libstdcxx-time=yes --with-default-libstdcxx-abi=new --enable-gnu-unique-object --disable-vtable-verify --enable-libmpx --enable-plugin --enable-default-pie --with-system-zlib --with-target-system-zlib --enable-objc-gc=auto --enable-multiarch --disable-werror --with-arch-32=i686 --with-abi=m64 --with-multilib-list=m32,m64,mx32 --enable-multilib --with-tune=generic --enable-offload-targets=nvptx-none --without-cuda-driver --enable-checking=release --build=x86_64-linux-gnu --host=x86_64-linux-gnu --target=x86_64-linux-gnu
Thread model: posix
gcc version 7.5.0 (Ubuntu 7.5.0-3ubuntu1~18.04) 
COLLECT_GCC_OPTIONS='-o' 'conftest' '-ffunction-sections' '-fdata-sections' '-pipe' '-m64' '-g' '-O0' '-w' '-fgnu89-inline' '-I' '/home/automark/Work/qemu-arm-dev/linux-x64/install/libs/include' '-L/home/automark/Work/qemu-arm-dev/linux-x64/install/libs/lib' '-g' '-O0' '-v' '-static' '-mtune=generic' '-march=x86-64'
 /usr/lib/gcc/x86_64-linux-gnu/7/cc1 -quiet -v -I /home/automark/Work/qemu-arm-dev/linux-x64/install/libs/include -imultiarch x86_64-linux-gnu conftest.c -quiet -dumpbase conftest.c -m64 -mtune=generic -march=x86-64 -auxbase conftest -g -g -O0 -O0 -w -version -ffunction-sections -fdata-sections -fgnu89-inline -fstack-protector-strong -Wformat -Wformat-security -o - |
 as -v -W -I /home/automark/Work/qemu-arm-dev/linux-x64/install/libs/include --64 -o /tmp/ccMGQUao.o
GNU assembler version 2.30 (x86_64-linux-gnu) using BFD version (GNU Binutils for Ubuntu) 2.30
GNU C11 (Ubuntu 7.5.0-3ubuntu1~18.04) version 7.5.0 (x86_64-linux-gnu)
	compiled by GNU C version 7.5.0, GMP version 6.1.2, MPFR version 4.0.1, MPC version 1.1.0, isl version isl-0.19-GMP

GGC heuristics: --param ggc-min-expand=100 --param ggc-min-heapsize=131072
ignoring nonexistent directory "/usr/local/include/x86_64-linux-gnu"
ignoring nonexistent directory "/usr/lib/gcc/x86_64-linux-gnu/7/../../../../x86_64-linux-gnu/include"
#include "..." search starts here:
#include <...> search starts here:
 /home/automark/Work/qemu-arm-dev/linux-x64/install/libs/include
 /usr/lib/gcc/x86_64-linux-gnu/7/include
 /usr/local/include
 /usr/lib/gcc/x86_64-linux-gnu/7/include-fixed
 /usr/include/x86_64-linux-gnu
 /usr/include
End of search list.
GNU C11 (Ubuntu 7.5.0-3ubuntu1~18.04) version 7.5.0 (x86_64-linux-gnu)
	compiled by GNU C version 7.5.0, GMP version 6.1.2, MPFR version 4.0.1, MPC version 1.1.0, isl version isl-0.19-GMP

GGC heuristics: --param ggc-min-expand=100 --param ggc-min-heapsize=131072
Compiler executable checksum: b62ed4a2880cd4159476ea8293b72fa8
COMPILER_PATH=/usr/lib/gcc/x86_64-linux-gnu/7/:/usr/lib/gcc/x86_64-linux-gnu/7/:/usr/lib/gcc/x86_64-linux-gnu/:/usr/lib/gcc/x86_64-linux-gnu/7/:/usr/lib/gcc/x86_64-linux-gnu/
LIBRARY_PATH=/usr/lib/gcc/x86_64-linux-gnu/7/:/usr/lib/gcc/x86_64-linux-gnu/7/../../../x86_64-linux-gnu/:/usr/lib/gcc/x86_64-linux-gnu/7/../../../../lib/:/lib/x86_64-linux-gnu/:/lib/../lib/:/usr/lib/x86_64-linux-gnu/:/usr/lib/../lib/:/usr/lib/gcc/x86_64-linux-gnu/7/../../../:/lib/:/usr/lib/
COLLECT_GCC_OPTIONS='-o' 'conftest' '-ffunction-sections' '-fdata-sections' '-pipe' '-m64' '-g' '-O0' '-w' '-fgnu89-inline' '-I' '/home/automark/Work/qemu-arm-dev/linux-x64/install/libs/include' '-L/home/automark/Work/qemu-arm-dev/linux-x64/install/libs/lib' '-g' '-O0' '-v' '-static' '-mtune=generic' '-march=x86-64'
 /usr/lib/gcc/x86_64-linux-gnu/7/collect2 -plugin /usr/lib/gcc/x86_64-linux-gnu/7/liblto_plugin.so -plugin-opt=/usr/lib/gcc/x86_64-linux-gnu/7/lto-wrapper -plugin-opt=-fresolution=/tmp/ccutAhvU.res -plugin-opt=-pass-through=-lgcc -plugin-opt=-pass-through=-lgcc_eh -plugin-opt=-pass-through=-lc --build-id -m elf_x86_64 --hash-style=gnu --as-needed -static -z relro -o conftest /usr/lib/gcc/x86_64-linux-gnu/7/../../../x86_64-linux-gnu/crt1.o /usr/lib/gcc/x86_64-linux-gnu/7/../../../x86_64-linux-gnu/crti.o /usr/lib/gcc/x86_64-linux-gnu/7/crtbeginT.o -L/home/automark/Work/qemu-arm-dev/linux-x64/install/libs/lib -L/usr/lib/gcc/x86_64-linux-gnu/7 -L/usr/lib/gcc/x86_64-linux-gnu/7/../../../x86_64-linux-gnu -L/usr/lib/gcc/x86_64-linux-gnu/7/../../../../lib -L/lib/x86_64-linux-gnu -L/lib/../lib -L/usr/lib/x86_64-linux-gnu -L/usr/lib/../lib -L/usr/lib/gcc/x86_64-linux-gnu/7/../../.. /tmp/ccMGQUao.o --start-group -lgcc -lgcc_eh -lc --end-group /usr/lib/gcc/x86_64-linux-gnu/7/crtend.o /usr/lib/gcc/x86_64-linux-gnu/7/../../../x86_64-linux-gnu/crtn.o
COLLECT_GCC_OPTIONS='-o' 'conftest' '-ffunction-sections' '-fdata-sections' '-pipe' '-m64' '-g' '-O0' '-w' '-fgnu89-inline' '-I' '/home/automark/Work/qemu-arm-dev/linux-x64/install/libs/include' '-L/home/automark/Work/qemu-arm-dev/linux-x64/install/libs/lib' '-g' '-O0' '-v' '-static' '-mtune=generic' '-march=x86-64'
configure:8360: result: no
configure:8375: checking if gcc-7 supports -c -o file.o
configure:8396: gcc-7 -c -ffunction-sections -fdata-sections -pipe -m64 -g -O0 -w -fgnu89-inline -I/home/automark/Work/qemu-arm-dev/linux-x64/install/libs/include  -o out/conftest2.o conftest.c >&5
configure:8400: $? = 0
configure:8422: result: yes
configure:8430: checking if gcc-7 supports -c -o file.o
configure:8477: result: yes
configure:8510: checking whether the gcc-7 linker (ld -m elf_x86_64 -m elf_x86_64) supports shared libraries
configure:9769: result: yes
configure:9806: checking whether -lc should be explicitly linked in
configure:9814: gcc-7 -c -ffunction-sections -fdata-sections -pipe -m64 -g -O0 -w -fgnu89-inline -I/home/automark/Work/qemu-arm-dev/linux-x64/install/libs/include  conftest.c >&5
configure:9817: $? = 0
configure:9832: gcc-7 -shared  -fPIC -DPIC conftest.o  -v -Wl,-soname -Wl,conftest -o conftest 2\>\&1 \| /bin/grep  -lc  \>/dev/null 2\>\&1
configure:9835: $? = 0
configure:9849: result: no
configure:10009: checking dynamic linker characteristics
configure:10590: gcc-7 -o conftest -ffunction-sections -fdata-sections -pipe -m64 -g -O0 -w -fgnu89-inline -I/home/automark/Work/qemu-arm-dev/linux-x64/install/libs/include  -L/home/automark/Work/qemu-arm-dev/linux-x64/install/libs/lib  -g -O0 -v -Wl,-rpath -Wl,/foo conftest.c  >&5
Using built-in specs.
COLLECT_GCC=gcc-7
COLLECT_LTO_WRAPPER=/usr/lib/gcc/x86_64-linux-gnu/7/lto-wrapper
OFFLOAD_TARGET_NAMES=nvptx-none
OFFLOAD_TARGET_DEFAULT=1
Target: x86_64-linux-gnu
Configured with: ../src/configure -v --with-pkgversion='Ubuntu 7.5.0-3ubuntu1~18.04' --with-bugurl=file:///usr/share/doc/gcc-7/README.Bugs --enable-languages=c,ada,c++,go,brig,d,fortran,objc,obj-c++ --prefix=/usr --with-gcc-major-version-only --program-suffix=-7 --program-prefix=x86_64-linux-gnu- --enable-shared --enable-linker-build-id --libexecdir=/usr/lib --without-included-gettext --enable-threads=posix --libdir=/usr/lib --enable-nls --enable-bootstrap --enable-clocale=gnu --enable-libstdcxx-debug --enable-libstdcxx-time=yes --with-default-libstdcxx-abi=new --enable-gnu-unique-object --disable-vtable-verify --enable-libmpx --enable-plugin --enable-default-pie --with-system-zlib --with-target-system-zlib --enable-objc-gc=auto --enable-multiarch --disable-werror --with-arch-32=i686 --with-abi=m64 --with-multilib-list=m32,m64,mx32 --enable-multilib --with-tune=generic --enable-offload-targets=nvptx-none --without-cuda-driver --enable-checking=release --build=x86_64-linux-gnu --host=x86_64-linux-gnu --target=x86_64-linux-gnu
Thread model: posix
gcc version 7.5.0 (Ubuntu 7.5.0-3ubuntu1~18.04) 
COLLECT_GCC_OPTIONS='-o' 'conftest' '-ffunction-sections' '-fdata-sections' '-pipe' '-m64' '-g' '-O0' '-w' '-fgnu89-inline' '-I' '/home/automark/Work/qemu-arm-dev/linux-x64/install/libs/include' '-L/home/automark/Work/qemu-arm-dev/linux-x64/install/libs/lib' '-g' '-O0' '-v' '-mtune=generic' '-march=x86-64'
 /usr/lib/gcc/x86_64-linux-gnu/7/cc1 -quiet -v -I /home/automark/Work/qemu-arm-dev/linux-x64/install/libs/include -imultiarch x86_64-linux-gnu conftest.c -quiet -dumpbase conftest.c -m64 -mtune=generic -march=x86-64 -auxbase conftest -g -g -O0 -O0 -w -version -ffunction-sections -fdata-sections -fgnu89-inline -fstack-protector-strong -Wformat -Wformat-security -o - |
 as -v -W -I /home/automark/Work/qemu-arm-dev/linux-x64/install/libs/include --64 -o /tmp/ccb3YUpM.o
GNU assembler version 2.30 (x86_64-linux-gnu) using BFD version (GNU Binutils for Ubuntu) 2.30
GNU C11 (Ubuntu 7.5.0-3ubuntu1~18.04) version 7.5.0 (x86_64-linux-gnu)
	compiled by GNU C version 7.5.0, GMP version 6.1.2, MPFR version 4.0.1, MPC version 1.1.0, isl version isl-0.19-GMP

GGC heuristics: --param ggc-min-expand=100 --param ggc-min-heapsize=131072
ignoring nonexistent directory "/usr/local/include/x86_64-linux-gnu"
ignoring nonexistent directory "/usr/lib/gcc/x86_64-linux-gnu/7/../../../../x86_64-linux-gnu/include"
#include "..." search starts here:
#include <...> search starts here:
 /home/automark/Work/qemu-arm-dev/linux-x64/install/libs/include
 /usr/lib/gcc/x86_64-linux-gnu/7/include
 /usr/local/include
 /usr/lib/gcc/x86_64-linux-gnu/7/include-fixed
 /usr/include/x86_64-linux-gnu
 /usr/include
End of search list.
GNU C11 (Ubuntu 7.5.0-3ubuntu1~18.04) version 7.5.0 (x86_64-linux-gnu)
	compiled by GNU C version 7.5.0, GMP version 6.1.2, MPFR version 4.0.1, MPC version 1.1.0, isl version isl-0.19-GMP

GGC heuristics: --param ggc-min-expand=100 --param ggc-min-heapsize=131072
Compiler executable checksum: b62ed4a2880cd4159476ea8293b72fa8
COMPILER_PATH=/usr/lib/gcc/x86_64-linux-gnu/7/:/usr/lib/gcc/x86_64-linux-gnu/7/:/usr/lib/gcc/x86_64-linux-gnu/:/usr/lib/gcc/x86_64-linux-gnu/7/:/usr/lib/gcc/x86_64-linux-gnu/
LIBRARY_PATH=/usr/lib/gcc/x86_64-linux-gnu/7/:/usr/lib/gcc/x86_64-linux-gnu/7/../../../x86_64-linux-gnu/:/usr/lib/gcc/x86_64-linux-gnu/7/../../../../lib/:/lib/x86_64-linux-gnu/:/lib/../lib/:/usr/lib/x86_64-linux-gnu/:/usr/lib/../lib/:/usr/lib/gcc/x86_64-linux-gnu/7/../../../:/lib/:/usr/lib/
COLLECT_GCC_OPTIONS='-o' 'conftest' '-ffunction-sections' '-fdata-sections' '-pipe' '-m64' '-g' '-O0' '-w' '-fgnu89-inline' '-I' '/home/automark/Work/qemu-arm-dev/linux-x64/install/libs/include' '-L/home/automark/Work/qemu-arm-dev/linux-x64/install/libs/lib' '-g' '-O0' '-v' '-mtune=generic' '-march=x86-64'
 /usr/lib/gcc/x86_64-linux-gnu/7/collect2 -plugin /usr/lib/gcc/x86_64-linux-gnu/7/liblto_plugin.so -plugin-opt=/usr/lib/gcc/x86_64-linux-gnu/7/lto-wrapper -plugin-opt=-fresolution=/tmp/cclJm4Wj.res -plugin-opt=-pass-through=-lgcc -plugin-opt=-pass-through=-lgcc_s -plugin-opt=-pass-through=-lc -plugin-opt=-pass-through=-lgcc -plugin-opt=-pass-through=-lgcc_s --build-id --eh-frame-hdr -m elf_x86_64 --hash-style=gnu --as-needed -dynamic-linker /lib64/ld-linux-x86-64.so.2 -pie -z now -z relro -o conftest /usr/lib/gcc/x86_64-linux-gnu/7/../../../x86_64-linux-gnu/Scrt1.o /usr/lib/gcc/x86_64-linux-gnu/7/../../../x86_64-linux-gnu/crti.o /usr/lib/gcc/x86_64-linux-gnu/7/crtbeginS.o -L/home/automark/Work/qemu-arm-dev/linux-x64/install/libs/lib -L/usr/lib/gcc/x86_64-linux-gnu/7 -L/usr/lib/gcc/x86_64-linux-gnu/7/../../../x86_64-linux-gnu -L/usr/lib/gcc/x86_64-linux-gnu/7/../../../../lib -L/lib/x86_64-linux-gnu -L/lib/../lib -L/usr/lib/x86_64-linux-gnu -L/usr/lib/../lib -L/usr/lib/gcc/x86_64-linux-gnu/7/../../.. -rpath /foo /tmp/ccb3YUpM.o -lgcc --push-state --as-needed -lgcc_s --pop-state -lc -lgcc --push-state --as-needed -lgcc_s --pop-state /usr/lib/gcc/x86_64-linux-gnu/7/crtendS.o /usr/lib/gcc/x86_64-linux-gnu/7/../../../x86_64-linux-gnu/crtn.o
COLLECT_GCC_OPTIONS='-o' 'conftest' '-ffunction-sections' '-fdata-sections' '-pipe' '-m64' '-g' '-O0' '-w' '-fgnu89-inline' '-I' '/home/automark/Work/qemu-arm-dev/linux-x64/install/libs/include' '-L/home/automark/Work/qemu-arm-dev/linux-x64/install/libs/lib' '-g' '-O0' '-v' '-mtune=generic' '-march=x86-64'
configure:10590: $? = 0
configure:10827: result: GNU/Linux ld.so
configure:10949: checking how to hardcode library paths into programs
configure:10974: result: immediate
configure:11522: checking whether stripping libraries is possible
configure:11527: result: yes
configure:11562: checking if libtool supports shared libraries
configure:11564: result: yes
configure:11567: checking whether to build shared libraries
configure:11592: result: yes
configure:11595: checking whether to build static libraries
configure:11599: result: yes
configure:11641: checking whether the -Werror option is usable
configure:11660: gcc-7 -c -ffunction-sections -fdata-sections -pipe -m64 -g -O0 -w -fgnu89-inline -Werror -I/home/automark/Work/qemu-arm-dev/linux-x64/install/libs/include  conftest.c >&5
configure:11660: $? = 0
configure:11669: result: yes
configure:11671: checking for simple visibility declarations
configure:11698: gcc-7 -c -ffunction-sections -fdata-sections -pipe -m64 -g -O0 -w -fgnu89-inline -fvisibility=hidden -Werror -I/home/automark/Work/qemu-arm-dev/linux-x64/install/libs/include  conftest.c >&5
configure:11698: $? = 0
configure:11707: result: yes
configure:11725: checking for nl_langinfo and CODESET
configure:11741: gcc-7 -o conftest -ffunction-sections -fdata-sections -pipe -m64 -g -O0 -w -fgnu89-inline -I/home/automark/Work/qemu-arm-dev/linux-x64/install/libs/include  -L/home/automark/Work/qemu-arm-dev/linux-x64/install/libs/lib  -g -O0 -v conftest.c  >&5
Using built-in specs.
COLLECT_GCC=gcc-7
COLLECT_LTO_WRAPPER=/usr/lib/gcc/x86_64-linux-gnu/7/lto-wrapper
OFFLOAD_TARGET_NAMES=nvptx-none
OFFLOAD_TARGET_DEFAULT=1
Target: x86_64-linux-gnu
Configured with: ../src/configure -v --with-pkgversion='Ubuntu 7.5.0-3ubuntu1~18.04' --with-bugurl=file:///usr/share/doc/gcc-7/README.Bugs --enable-languages=c,ada,c++,go,brig,d,fortran,objc,obj-c++ --prefix=/usr --with-gcc-major-version-only --program-suffix=-7 --program-prefix=x86_64-linux-gnu- --enable-shared --enable-linker-build-id --libexecdir=/usr/lib --without-included-gettext --enable-threads=posix --libdir=/usr/lib --enable-nls --enable-bootstrap --enable-clocale=gnu --enable-libstdcxx-debug --enable-libstdcxx-time=yes --with-default-libstdcxx-abi=new --enable-gnu-unique-object --disable-vtable-verify --enable-libmpx --enable-plugin --enable-default-pie --with-system-zlib --with-target-system-zlib --enable-objc-gc=auto --enable-multiarch --disable-werror --with-arch-32=i686 --with-abi=m64 --with-multilib-list=m32,m64,mx32 --enable-multilib --with-tune=generic --enable-offload-targets=nvptx-none --without-cuda-driver --enable-checking=release --build=x86_64-linux-gnu --host=x86_64-linux-gnu --target=x86_64-linux-gnu
Thread model: posix
gcc version 7.5.0 (Ubuntu 7.5.0-3ubuntu1~18.04) 
COLLECT_GCC_OPTIONS='-o' 'conftest' '-ffunction-sections' '-fdata-sections' '-pipe' '-m64' '-g' '-O0' '-w' '-fgnu89-inline' '-I' '/home/automark/Work/qemu-arm-dev/linux-x64/install/libs/include' '-L/home/automark/Work/qemu-arm-dev/linux-x64/install/libs/lib' '-g' '-O0' '-v' '-mtune=generic' '-march=x86-64'
 /usr/lib/gcc/x86_64-linux-gnu/7/cc1 -quiet -v -I /home/automark/Work/qemu-arm-dev/linux-x64/install/libs/include -imultiarch x86_64-linux-gnu conftest.c -quiet -dumpbase conftest.c -m64 -mtune=generic -march=x86-64 -auxbase conftest -g -g -O0 -O0 -w -version -ffunction-sections -fdata-sections -fgnu89-inline -fstack-protector-strong -Wformat -Wformat-security -o - |
 as -v -W -I /home/automark/Work/qemu-arm-dev/linux-x64/install/libs/include --64 -o /tmp/ccL7bbGP.o
GNU assembler version 2.30 (x86_64-linux-gnu) using BFD version (GNU Binutils for Ubuntu) 2.30
GNU C11 (Ubuntu 7.5.0-3ubuntu1~18.04) version 7.5.0 (x86_64-linux-gnu)
	compiled by GNU C version 7.5.0, GMP version 6.1.2, MPFR version 4.0.1, MPC version 1.1.0, isl version isl-0.19-GMP

GGC heuristics: --param ggc-min-expand=100 --param ggc-min-heapsize=131072
ignoring nonexistent directory "/usr/local/include/x86_64-linux-gnu"
ignoring nonexistent directory "/usr/lib/gcc/x86_64-linux-gnu/7/../../../../x86_64-linux-gnu/include"
#include "..." search starts here:
#include <...> search starts here:
 /home/automark/Work/qemu-arm-dev/linux-x64/install/libs/include
 /usr/lib/gcc/x86_64-linux-gnu/7/include
 /usr/local/include
 /usr/lib/gcc/x86_64-linux-gnu/7/include-fixed
 /usr/include/x86_64-linux-gnu
 /usr/include
End of search list.
GNU C11 (Ubuntu 7.5.0-3ubuntu1~18.04) version 7.5.0 (x86_64-linux-gnu)
	compiled by GNU C version 7.5.0, GMP version 6.1.2, MPFR version 4.0.1, MPC version 1.1.0, isl version isl-0.19-GMP

GGC heuristics: --param ggc-min-expand=100 --param ggc-min-heapsize=131072
Compiler executable checksum: b62ed4a2880cd4159476ea8293b72fa8
COMPILER_PATH=/usr/lib/gcc/x86_64-linux-gnu/7/:/usr/lib/gcc/x86_64-linux-gnu/7/:/usr/lib/gcc/x86_64-linux-gnu/:/usr/lib/gcc/x86_64-linux-gnu/7/:/usr/lib/gcc/x86_64-linux-gnu/
LIBRARY_PATH=/usr/lib/gcc/x86_64-linux-gnu/7/:/usr/lib/gcc/x86_64-linux-gnu/7/../../../x86_64-linux-gnu/:/usr/lib/gcc/x86_64-linux-gnu/7/../../../../lib/:/lib/x86_64-linux-gnu/:/lib/../lib/:/usr/lib/x86_64-linux-gnu/:/usr/lib/../lib/:/usr/lib/gcc/x86_64-linux-gnu/7/../../../:/lib/:/usr/lib/
COLLECT_GCC_OPTIONS='-o' 'conftest' '-ffunction-sections' '-fdata-sections' '-pipe' '-m64' '-g' '-O0' '-w' '-fgnu89-inline' '-I' '/home/automark/Work/qemu-arm-dev/linux-x64/install/libs/include' '-L/home/automark/Work/qemu-arm-dev/linux-x64/install/libs/lib' '-g' '-O0' '-v' '-mtune=generic' '-march=x86-64'
 /usr/lib/gcc/x86_64-linux-gnu/7/collect2 -plugin /usr/lib/gcc/x86_64-linux-gnu/7/liblto_plugin.so -plugin-opt=/usr/lib/gcc/x86_64-linux-gnu/7/lto-wrapper -plugin-opt=-fresolution=/tmp/ccStycXn.res -plugin-opt=-pass-through=-lgcc -plugin-opt=-pass-through=-lgcc_s -plugin-opt=-pass-through=-lc -plugin-opt=-pass-through=-lgcc -plugin-opt=-pass-through=-lgcc_s --build-id --eh-frame-hdr -m elf_x86_64 --hash-style=gnu --as-needed -dynamic-linker /lib64/ld-linux-x86-64.so.2 -pie -z now -z relro -o conftest /usr/lib/gcc/x86_64-linux-gnu/7/../../../x86_64-linux-gnu/Scrt1.o /usr/lib/gcc/x86_64-linux-gnu/7/../../../x86_64-linux-gnu/crti.o /usr/lib/gcc/x86_64-linux-gnu/7/crtbeginS.o -L/home/automark/Work/qemu-arm-dev/linux-x64/install/libs/lib -L/usr/lib/gcc/x86_64-linux-gnu/7 -L/usr/lib/gcc/x86_64-linux-gnu/7/../../../x86_64-linux-gnu -L/usr/lib/gcc/x86_64-linux-gnu/7/../../../../lib -L/lib/x86_64-linux-gnu -L/lib/../lib -L/usr/lib/x86_64-linux-gnu -L/usr/lib/../lib -L/usr/lib/gcc/x86_64-linux-gnu/7/../../.. /tmp/ccL7bbGP.o -lgcc --push-state --as-needed -lgcc_s --pop-state -lc -lgcc --push-state --as-needed -lgcc_s --pop-state /usr/lib/gcc/x86_64-linux-gnu/7/crtendS.o /usr/lib/gcc/x86_64-linux-gnu/7/../../../x86_64-linux-gnu/crtn.o
COLLECT_GCC_OPTIONS='-o' 'conftest' '-ffunction-sections' '-fdata-sections' '-pipe' '-m64' '-g' '-O0' '-w' '-fgnu89-inline' '-I' '/home/automark/Work/qemu-arm-dev/linux-x64/install/libs/include' '-L/home/automark/Work/qemu-arm-dev/linux-x64/install/libs/lib' '-g' '-O0' '-v' '-mtune=generic' '-march=x86-64'
configure:11741: $? = 0
configure:11750: result: yes
configure:11764: checking for unistd.h
configure:11764: result: yes
configure:11783: checking for symlink
configure:11783: gcc-7 -o conftest -ffunction-sections -fdata-sections -pipe -m64 -g -O0 -w -fgnu89-inline -I/home/automark/Work/qemu-arm-dev/linux-x64/install/libs/include  -L/home/automark/Work/qemu-arm-dev/linux-x64/install/libs/lib  -g -O0 -v conftest.c  >&5
Using built-in specs.
COLLECT_GCC=gcc-7
COLLECT_LTO_WRAPPER=/usr/lib/gcc/x86_64-linux-gnu/7/lto-wrapper
OFFLOAD_TARGET_NAMES=nvptx-none
OFFLOAD_TARGET_DEFAULT=1
Target: x86_64-linux-gnu
Configured with: ../src/configure -v --with-pkgversion='Ubuntu 7.5.0-3ubuntu1~18.04' --with-bugurl=file:///usr/share/doc/gcc-7/README.Bugs --enable-languages=c,ada,c++,go,brig,d,fortran,objc,obj-c++ --prefix=/usr --with-gcc-major-version-only --program-suffix=-7 --program-prefix=x86_64-linux-gnu- --enable-shared --enable-linker-build-id --libexecdir=/usr/lib --without-included-gettext --enable-threads=posix --libdir=/usr/lib --enable-nls --enable-bootstrap --enable-clocale=gnu --enable-libstdcxx-debug --enable-libstdcxx-time=yes --with-default-libstdcxx-abi=new --enable-gnu-unique-object --disable-vtable-verify --enable-libmpx --enable-plugin --enable-default-pie --with-system-zlib --with-target-system-zlib --enable-objc-gc=auto --enable-multiarch --disable-werror --with-arch-32=i686 --with-abi=m64 --with-multilib-list=m32,m64,mx32 --enable-multilib --with-tune=generic --enable-offload-targets=nvptx-none --without-cuda-driver --enable-checking=release --build=x86_64-linux-gnu --host=x86_64-linux-gnu --target=x86_64-linux-gnu
Thread model: posix
gcc version 7.5.0 (Ubuntu 7.5.0-3ubuntu1~18.04) 
COLLECT_GCC_OPTIONS='-o' 'conftest' '-ffunction-sections' '-fdata-sections' '-pipe' '-m64' '-g' '-O0' '-w' '-fgnu89-inline' '-I' '/home/automark/Work/qemu-arm-dev/linux-x64/install/libs/include' '-L/home/automark/Work/qemu-arm-dev/linux-x64/install/libs/lib' '-g' '-O0' '-v' '-mtune=generic' '-march=x86-64'
 /usr/lib/gcc/x86_64-linux-gnu/7/cc1 -quiet -v -I /home/automark/Work/qemu-arm-dev/linux-x64/install/libs/include -imultiarch x86_64-linux-gnu conftest.c -quiet -dumpbase conftest.c -m64 -mtune=generic -march=x86-64 -auxbase conftest -g -g -O0 -O0 -w -version -ffunction-sections -fdata-sections -fgnu89-inline -fstack-protector-strong -Wformat -Wformat-security -o - |
 as -v -W -I /home/automark/Work/qemu-arm-dev/linux-x64/install/libs/include --64 -o /tmp/ccOhRkp1.o
GNU assembler version 2.30 (x86_64-linux-gnu) using BFD version (GNU Binutils for Ubuntu) 2.30
GNU C11 (Ubuntu 7.5.0-3ubuntu1~18.04) version 7.5.0 (x86_64-linux-gnu)
	compiled by GNU C version 7.5.0, GMP version 6.1.2, MPFR version 4.0.1, MPC version 1.1.0, isl version isl-0.19-GMP

GGC heuristics: --param ggc-min-expand=100 --param ggc-min-heapsize=131072
ignoring nonexistent directory "/usr/local/include/x86_64-linux-gnu"
ignoring nonexistent directory "/usr/lib/gcc/x86_64-linux-gnu/7/../../../../x86_64-linux-gnu/include"
#include "..." search starts here:
#include <...> search starts here:
 /home/automark/Work/qemu-arm-dev/linux-x64/install/libs/include
 /usr/lib/gcc/x86_64-linux-gnu/7/include
 /usr/local/include
 /usr/lib/gcc/x86_64-linux-gnu/7/include-fixed
 /usr/include/x86_64-linux-gnu
 /usr/include
End of search list.
GNU C11 (Ubuntu 7.5.0-3ubuntu1~18.04) version 7.5.0 (x86_64-linux-gnu)
	compiled by GNU C version 7.5.0, GMP version 6.1.2, MPFR version 4.0.1, MPC version 1.1.0, isl version isl-0.19-GMP

GGC heuristics: --param ggc-min-expand=100 --param ggc-min-heapsize=131072
Compiler executable checksum: b62ed4a2880cd4159476ea8293b72fa8
COMPILER_PATH=/usr/lib/gcc/x86_64-linux-gnu/7/:/usr/lib/gcc/x86_64-linux-gnu/7/:/usr/lib/gcc/x86_64-linux-gnu/:/usr/lib/gcc/x86_64-linux-gnu/7/:/usr/lib/gcc/x86_64-linux-gnu/
LIBRARY_PATH=/usr/lib/gcc/x86_64-linux-gnu/7/:/usr/lib/gcc/x86_64-linux-gnu/7/../../../x86_64-linux-gnu/:/usr/lib/gcc/x86_64-linux-gnu/7/../../../../lib/:/lib/x86_64-linux-gnu/:/lib/../lib/:/usr/lib/x86_64-linux-gnu/:/usr/lib/../lib/:/usr/lib/gcc/x86_64-linux-gnu/7/../../../:/lib/:/usr/lib/
COLLECT_GCC_OPTIONS='-o' 'conftest' '-ffunction-sections' '-fdata-sections' '-pipe' '-m64' '-g' '-O0' '-w' '-fgnu89-inline' '-I' '/home/automark/Work/qemu-arm-dev/linux-x64/install/libs/include' '-L/home/automark/Work/qemu-arm-dev/linux-x64/install/libs/lib' '-g' '-O0' '-v' '-mtune=generic' '-march=x86-64'
 /usr/lib/gcc/x86_64-linux-gnu/7/collect2 -plugin /usr/lib/gcc/x86_64-linux-gnu/7/liblto_plugin.so -plugin-opt=/usr/lib/gcc/x86_64-linux-gnu/7/lto-wrapper -plugin-opt=-fresolution=/tmp/ccjDYX6z.res -plugin-opt=-pass-through=-lgcc -plugin-opt=-pass-through=-lgcc_s -plugin-opt=-pass-through=-lc -plugin-opt=-pass-through=-lgcc -plugin-opt=-pass-through=-lgcc_s --build-id --eh-frame-hdr -m elf_x86_64 --hash-style=gnu --as-needed -dynamic-linker /lib64/ld-linux-x86-64.so.2 -pie -z now -z relro -o conftest /usr/lib/gcc/x86_64-linux-gnu/7/../../../x86_64-linux-gnu/Scrt1.o /usr/lib/gcc/x86_64-linux-gnu/7/../../../x86_64-linux-gnu/crti.o /usr/lib/gcc/x86_64-linux-gnu/7/crtbeginS.o -L/home/automark/Work/qemu-arm-dev/linux-x64/install/libs/lib -L/usr/lib/gcc/x86_64-linux-gnu/7 -L/usr/lib/gcc/x86_64-linux-gnu/7/../../../x86_64-linux-gnu -L/usr/lib/gcc/x86_64-linux-gnu/7/../../../../lib -L/lib/x86_64-linux-gnu -L/lib/../lib -L/usr/lib/x86_64-linux-gnu -L/usr/lib/../lib -L/usr/lib/gcc/x86_64-linux-gnu/7/../../.. /tmp/ccOhRkp1.o -lgcc --push-state --as-needed -lgcc_s --pop-state -lc -lgcc --push-state --as-needed -lgcc_s --pop-state /usr/lib/gcc/x86_64-linux-gnu/7/crtendS.o /usr/lib/gcc/x86_64-linux-gnu/7/../../../x86_64-linux-gnu/crtn.o
COLLECT_GCC_OPTIONS='-o' 'conftest' '-ffunction-sections' '-fdata-sections' '-pipe' '-m64' '-g' '-O0' '-w' '-fgnu89-inline' '-I' '/home/automark/Work/qemu-arm-dev/linux-x64/install/libs/include' '-L/home/automark/Work/qemu-arm-dev/linux-x64/install/libs/lib' '-g' '-O0' '-v' '-mtune=generic' '-march=x86-64'
configure:11783: $? = 0
configure:11783: result: yes
configure:11799: checking for working fcntl.h
configure:11902: gcc-7 -o conftest -ffunction-sections -fdata-sections -pipe -m64 -g -O0 -w -fgnu89-inline -I/home/automark/Work/qemu-arm-dev/linux-x64/install/libs/include  -L/home/automark/Work/qemu-arm-dev/linux-x64/install/libs/lib  -g -O0 -v conftest.c  >&5
Using built-in specs.
COLLECT_GCC=gcc-7
COLLECT_LTO_WRAPPER=/usr/lib/gcc/x86_64-linux-gnu/7/lto-wrapper
OFFLOAD_TARGET_NAMES=nvptx-none
OFFLOAD_TARGET_DEFAULT=1
Target: x86_64-linux-gnu
Configured with: ../src/configure -v --with-pkgversion='Ubuntu 7.5.0-3ubuntu1~18.04' --with-bugurl=file:///usr/share/doc/gcc-7/README.Bugs --enable-languages=c,ada,c++,go,brig,d,fortran,objc,obj-c++ --prefix=/usr --with-gcc-major-version-only --program-suffix=-7 --program-prefix=x86_64-linux-gnu- --enable-shared --enable-linker-build-id --libexecdir=/usr/lib --without-included-gettext --enable-threads=posix --libdir=/usr/lib --enable-nls --enable-bootstrap --enable-clocale=gnu --enable-libstdcxx-debug --enable-libstdcxx-time=yes --with-default-libstdcxx-abi=new --enable-gnu-unique-object --disable-vtable-verify --enable-libmpx --enable-plugin --enable-default-pie --with-system-zlib --with-target-system-zlib --enable-objc-gc=auto --enable-multiarch --disable-werror --with-arch-32=i686 --with-abi=m64 --with-multilib-list=m32,m64,mx32 --enable-multilib --with-tune=generic --enable-offload-targets=nvptx-none --without-cuda-driver --enable-checking=release --build=x86_64-linux-gnu --host=x86_64-linux-gnu --target=x86_64-linux-gnu
Thread model: posix
gcc version 7.5.0 (Ubuntu 7.5.0-3ubuntu1~18.04) 
COLLECT_GCC_OPTIONS='-o' 'conftest' '-ffunction-sections' '-fdata-sections' '-pipe' '-m64' '-g' '-O0' '-w' '-fgnu89-inline' '-I' '/home/automark/Work/qemu-arm-dev/linux-x64/install/libs/include' '-L/home/automark/Work/qemu-arm-dev/linux-x64/install/libs/lib' '-g' '-O0' '-v' '-mtune=generic' '-march=x86-64'
 /usr/lib/gcc/x86_64-linux-gnu/7/cc1 -quiet -v -I /home/automark/Work/qemu-arm-dev/linux-x64/install/libs/include -imultiarch x86_64-linux-gnu conftest.c -quiet -dumpbase conftest.c -m64 -mtune=generic -march=x86-64 -auxbase conftest -g -g -O0 -O0 -w -version -ffunction-sections -fdata-sections -fgnu89-inline -fstack-protector-strong -Wformat -Wformat-security -o - |
 as -v -W -I /home/automark/Work/qemu-arm-dev/linux-x64/install/libs/include --64 -o /tmp/ccyvJwH7.o
GNU C11 (Ubuntu 7.5.0-3ubuntu1~18.04) version 7.5.0 (x86_64-linux-gnu)
	compiled by GNU C version 7.5.0, GMP version 6.1.2, MPFR version 4.0.1, MPC version 1.1.0, isl version isl-0.19-GMP

GGC heuristics: --param ggc-min-expand=100 --param ggc-min-heapsize=131072
ignoring nonexistent directory "/usr/local/include/x86_64-linux-gnu"
ignoring nonexistent directory "/usr/lib/gcc/x86_64-linux-gnu/7/../../../../x86_64-linux-gnu/include"
#include "..." search starts here:
#include <...> search starts here:
 /home/automark/Work/qemu-arm-dev/linux-x64/install/libs/include
 /usr/lib/gcc/x86_64-linux-gnu/7/include
 /usr/local/include
 /usr/lib/gcc/x86_64-linux-gnu/7/include-fixed
 /usr/include/x86_64-linux-gnu
 /usr/include
End of search list.
GNU assembler version 2.30 (x86_64-linux-gnu) using BFD version (GNU Binutils for Ubuntu) 2.30
GNU C11 (Ubuntu 7.5.0-3ubuntu1~18.04) version 7.5.0 (x86_64-linux-gnu)
	compiled by GNU C version 7.5.0, GMP version 6.1.2, MPFR version 4.0.1, MPC version 1.1.0, isl version isl-0.19-GMP

GGC heuristics: --param ggc-min-expand=100 --param ggc-min-heapsize=131072
Compiler executable checksum: b62ed4a2880cd4159476ea8293b72fa8
COMPILER_PATH=/usr/lib/gcc/x86_64-linux-gnu/7/:/usr/lib/gcc/x86_64-linux-gnu/7/:/usr/lib/gcc/x86_64-linux-gnu/:/usr/lib/gcc/x86_64-linux-gnu/7/:/usr/lib/gcc/x86_64-linux-gnu/
LIBRARY_PATH=/usr/lib/gcc/x86_64-linux-gnu/7/:/usr/lib/gcc/x86_64-linux-gnu/7/../../../x86_64-linux-gnu/:/usr/lib/gcc/x86_64-linux-gnu/7/../../../../lib/:/lib/x86_64-linux-gnu/:/lib/../lib/:/usr/lib/x86_64-linux-gnu/:/usr/lib/../lib/:/usr/lib/gcc/x86_64-linux-gnu/7/../../../:/lib/:/usr/lib/
COLLECT_GCC_OPTIONS='-o' 'conftest' '-ffunction-sections' '-fdata-sections' '-pipe' '-m64' '-g' '-O0' '-w' '-fgnu89-inline' '-I' '/home/automark/Work/qemu-arm-dev/linux-x64/install/libs/include' '-L/home/automark/Work/qemu-arm-dev/linux-x64/install/libs/lib' '-g' '-O0' '-v' '-mtune=generic' '-march=x86-64'
 /usr/lib/gcc/x86_64-linux-gnu/7/collect2 -plugin /usr/lib/gcc/x86_64-linux-gnu/7/liblto_plugin.so -plugin-opt=/usr/lib/gcc/x86_64-linux-gnu/7/lto-wrapper -plugin-opt=-fresolution=/tmp/cc19C6QG.res -plugin-opt=-pass-through=-lgcc -plugin-opt=-pass-through=-lgcc_s -plugin-opt=-pass-through=-lc -plugin-opt=-pass-through=-lgcc -plugin-opt=-pass-through=-lgcc_s --build-id --eh-frame-hdr -m elf_x86_64 --hash-style=gnu --as-needed -dynamic-linker /lib64/ld-linux-x86-64.so.2 -pie -z now -z relro -o conftest /usr/lib/gcc/x86_64-linux-gnu/7/../../../x86_64-linux-gnu/Scrt1.o /usr/lib/gcc/x86_64-linux-gnu/7/../../../x86_64-linux-gnu/crti.o /usr/lib/gcc/x86_64-linux-gnu/7/crtbeginS.o -L/home/automark/Work/qemu-arm-dev/linux-x64/install/libs/lib -L/usr/lib/gcc/x86_64-linux-gnu/7 -L/usr/lib/gcc/x86_64-linux-gnu/7/../../../x86_64-linux-gnu -L/usr/lib/gcc/x86_64-linux-gnu/7/../../../../lib -L/lib/x86_64-linux-gnu -L/lib/../lib -L/usr/lib/x86_64-linux-gnu -L/usr/lib/../lib -L/usr/lib/gcc/x86_64-linux-gnu/7/../../.. /tmp/ccyvJwH7.o -lgcc --push-state --as-needed -lgcc_s --pop-state -lc -lgcc --push-state --as-needed -lgcc_s --pop-state /usr/lib/gcc/x86_64-linux-gnu/7/crtendS.o /usr/lib/gcc/x86_64-linux-gnu/7/../../../x86_64-linux-gnu/crtn.o
COLLECT_GCC_OPTIONS='-o' 'conftest' '-ffunction-sections' '-fdata-sections' '-pipe' '-m64' '-g' '-O0' '-w' '-fgnu89-inline' '-I' '/home/automark/Work/qemu-arm-dev/linux-x64/install/libs/include' '-L/home/automark/Work/qemu-arm-dev/linux-x64/install/libs/lib' '-g' '-O0' '-v' '-mtune=generic' '-march=x86-64'
configure:11902: $? = 0
configure:11902: ./conftest
configure:11902: $? = 0
configure:11917: result: yes
configure:11941: checking whether we are using the GNU C Library >= 2.1 or uClibc
configure:11971: result: yes
configure:11979: checking for setlocale
configure:11979: gcc-7 -o conftest -ffunction-sections -fdata-sections -pipe -m64 -g -O0 -w -fgnu89-inline -I/home/automark/Work/qemu-arm-dev/linux-x64/install/libs/include  -L/home/automark/Work/qemu-arm-dev/linux-x64/install/libs/lib  -g -O0 -v conftest.c  >&5
Using built-in specs.
COLLECT_GCC=gcc-7
COLLECT_LTO_WRAPPER=/usr/lib/gcc/x86_64-linux-gnu/7/lto-wrapper
OFFLOAD_TARGET_NAMES=nvptx-none
OFFLOAD_TARGET_DEFAULT=1
Target: x86_64-linux-gnu
Configured with: ../src/configure -v --with-pkgversion='Ubuntu 7.5.0-3ubuntu1~18.04' --with-bugurl=file:///usr/share/doc/gcc-7/README.Bugs --enable-languages=c,ada,c++,go,brig,d,fortran,objc,obj-c++ --prefix=/usr --with-gcc-major-version-only --program-suffix=-7 --program-prefix=x86_64-linux-gnu- --enable-shared --enable-linker-build-id --libexecdir=/usr/lib --without-included-gettext --enable-threads=posix --libdir=/usr/lib --enable-nls --enable-bootstrap --enable-clocale=gnu --enable-libstdcxx-debug --enable-libstdcxx-time=yes --with-default-libstdcxx-abi=new --enable-gnu-unique-object --disable-vtable-verify --enable-libmpx --enable-plugin --enable-default-pie --with-system-zlib --with-target-system-zlib --enable-objc-gc=auto --enable-multiarch --disable-werror --with-arch-32=i686 --with-abi=m64 --with-multilib-list=m32,m64,mx32 --enable-multilib --with-tune=generic --enable-offload-targets=nvptx-none --without-cuda-driver --enable-checking=release --build=x86_64-linux-gnu --host=x86_64-linux-gnu --target=x86_64-linux-gnu
Thread model: posix
gcc version 7.5.0 (Ubuntu 7.5.0-3ubuntu1~18.04) 
COLLECT_GCC_OPTIONS='-o' 'conftest' '-ffunction-sections' '-fdata-sections' '-pipe' '-m64' '-g' '-O0' '-w' '-fgnu89-inline' '-I' '/home/automark/Work/qemu-arm-dev/linux-x64/install/libs/include' '-L/home/automark/Work/qemu-arm-dev/linux-x64/install/libs/lib' '-g' '-O0' '-v' '-mtune=generic' '-march=x86-64'
 /usr/lib/gcc/x86_64-linux-gnu/7/cc1 -quiet -v -I /home/automark/Work/qemu-arm-dev/linux-x64/install/libs/include -imultiarch x86_64-linux-gnu conftest.c -quiet -dumpbase conftest.c -m64 -mtune=generic -march=x86-64 -auxbase conftest -g -g -O0 -O0 -w -version -ffunction-sections -fdata-sections -fgnu89-inline -fstack-protector-strong -Wformat -Wformat-security -o - |
 as -v -W -I /home/automark/Work/qemu-arm-dev/linux-x64/install/libs/include --64 -o /tmp/ccUxTKNm.o
GNU C11 (Ubuntu 7.5.0-3ubuntu1~18.04) version 7.5.0 (x86_64-linux-gnu)
	compiled by GNU C version 7.5.0, GMP version 6.1.2, MPFR version 4.0.1, MPC version 1.1.0, isl version isl-0.19-GMP

GGC heuristics: --param ggc-min-expand=100 --param ggc-min-heapsize=131072
ignoring nonexistent directory "/usr/local/include/x86_64-linux-gnu"
ignoring nonexistent directory "/usr/lib/gcc/x86_64-linux-gnu/7/../../../../x86_64-linux-gnu/include"
#include "..." search starts here:
#include <...> search starts here:
 /home/automark/Work/qemu-arm-dev/linux-x64/install/libs/include
 /usr/lib/gcc/x86_64-linux-gnu/7/include
 /usr/local/include
 /usr/lib/gcc/x86_64-linux-gnu/7/include-fixed
 /usr/include/x86_64-linux-gnu
 /usr/include
End of search list.
GNU C11 (Ubuntu 7.5.0-3ubuntu1~18.04) version 7.5.0 (x86_64-linux-gnu)
	compiled by GNU C version 7.5.0, GMP version 6.1.2, MPFR version 4.0.1, MPC version 1.1.0, isl version isl-0.19-GMP

GGC heuristics: --param ggc-min-expand=100 --param ggc-min-heapsize=131072
GNU assembler version 2.30 (x86_64-linux-gnu) using BFD version (GNU Binutils for Ubuntu) 2.30
Compiler executable checksum: b62ed4a2880cd4159476ea8293b72fa8
COMPILER_PATH=/usr/lib/gcc/x86_64-linux-gnu/7/:/usr/lib/gcc/x86_64-linux-gnu/7/:/usr/lib/gcc/x86_64-linux-gnu/:/usr/lib/gcc/x86_64-linux-gnu/7/:/usr/lib/gcc/x86_64-linux-gnu/
LIBRARY_PATH=/usr/lib/gcc/x86_64-linux-gnu/7/:/usr/lib/gcc/x86_64-linux-gnu/7/../../../x86_64-linux-gnu/:/usr/lib/gcc/x86_64-linux-gnu/7/../../../../lib/:/lib/x86_64-linux-gnu/:/lib/../lib/:/usr/lib/x86_64-linux-gnu/:/usr/lib/../lib/:/usr/lib/gcc/x86_64-linux-gnu/7/../../../:/lib/:/usr/lib/
COLLECT_GCC_OPTIONS='-o' 'conftest' '-ffunction-sections' '-fdata-sections' '-pipe' '-m64' '-g' '-O0' '-w' '-fgnu89-inline' '-I' '/home/automark/Work/qemu-arm-dev/linux-x64/install/libs/include' '-L/home/automark/Work/qemu-arm-dev/linux-x64/install/libs/lib' '-g' '-O0' '-v' '-mtune=generic' '-march=x86-64'
 /usr/lib/gcc/x86_64-linux-gnu/7/collect2 -plugin /usr/lib/gcc/x86_64-linux-gnu/7/liblto_plugin.so -plugin-opt=/usr/lib/gcc/x86_64-linux-gnu/7/lto-wrapper -plugin-opt=-fresolution=/tmp/ccsyQn4Z.res -plugin-opt=-pass-through=-lgcc -plugin-opt=-pass-through=-lgcc_s -plugin-opt=-pass-through=-lc -plugin-opt=-pass-through=-lgcc -plugin-opt=-pass-through=-lgcc_s --build-id --eh-frame-hdr -m elf_x86_64 --hash-style=gnu --as-needed -dynamic-linker /lib64/ld-linux-x86-64.so.2 -pie -z now -z relro -o conftest /usr/lib/gcc/x86_64-linux-gnu/7/../../../x86_64-linux-gnu/Scrt1.o /usr/lib/gcc/x86_64-linux-gnu/7/../../../x86_64-linux-gnu/crti.o /usr/lib/gcc/x86_64-linux-gnu/7/crtbeginS.o -L/home/automark/Work/qemu-arm-dev/linux-x64/install/libs/lib -L/usr/lib/gcc/x86_64-linux-gnu/7 -L/usr/lib/gcc/x86_64-linux-gnu/7/../../../x86_64-linux-gnu -L/usr/lib/gcc/x86_64-linux-gnu/7/../../../../lib -L/lib/x86_64-linux-gnu -L/lib/../lib -L/usr/lib/x86_64-linux-gnu -L/usr/lib/../lib -L/usr/lib/gcc/x86_64-linux-gnu/7/../../.. /tmp/ccUxTKNm.o -lgcc --push-state --as-needed -lgcc_s --pop-state -lc -lgcc --push-state --as-needed -lgcc_s --pop-state /usr/lib/gcc/x86_64-linux-gnu/7/crtendS.o /usr/lib/gcc/x86_64-linux-gnu/7/../../../x86_64-linux-gnu/crtn.o
COLLECT_GCC_OPTIONS='-o' 'conftest' '-ffunction-sections' '-fdata-sections' '-pipe' '-m64' '-g' '-O0' '-w' '-fgnu89-inline' '-I' '/home/automark/Work/qemu-arm-dev/linux-x64/install/libs/include' '-L/home/automark/Work/qemu-arm-dev/linux-x64/install/libs/lib' '-g' '-O0' '-v' '-mtune=generic' '-march=x86-64'
configure:11979: $? = 0
configure:11979: result: yes
configure:12111: creating ./config.status

## ---------------------- ##
## Running config.status. ##
## ---------------------- ##

This file was extended by libcharset config.status 1.4, which was
generated by GNU Autoconf 2.69.  Invocation command line was

  CONFIG_FILES    = 
  CONFIG_HEADERS  = 
  CONFIG_LINKS    = 
  CONFIG_COMMANDS = 
  $ ./config.status 

on automark-VirtualBox

config.status:1067: creating Makefile
config.status:1067: creating lib/Makefile
config.status:1067: creating include/localcharset.h
config.status:1067: creating include/localcharset.h.inst
config.status:1067: creating config.h
config.status:1241: executing libtool commands

## ---------------- ##
## Cache variables. ##
## ---------------- ##

ac_cv_build=x86_64-pc-linux-gnu
ac_cv_c_compiler_gnu=yes
ac_cv_env_CC_set=set
ac_cv_env_CC_value=gcc-7
ac_cv_env_CFLAGS_set=set
ac_cv_env_CFLAGS_value='-ffunction-sections -fdata-sections -pipe -m64 -g -O0 -w -fgnu89-inline'
ac_cv_env_CPPFLAGS_set=set
ac_cv_env_CPPFLAGS_value='-I/home/automark/Work/qemu-arm-dev/linux-x64/install/libs/include '
ac_cv_env_CPP_set=
ac_cv_env_CPP_value=
ac_cv_env_LDFLAGS_set=set
ac_cv_env_LDFLAGS_value='-L/home/automark/Work/qemu-arm-dev/linux-x64/install/libs/lib  -g -O0 -v'
ac_cv_env_LIBS_set=
ac_cv_env_LIBS_value=
ac_cv_env_LT_SYS_LIBRARY_PATH_set=
ac_cv_env_LT_SYS_LIBRARY_PATH_value=
ac_cv_env_build_alias_set=set
ac_cv_env_build_alias_value=x86_64-pc-linux-gnu
ac_cv_env_host_alias_set=set
ac_cv_env_host_alias_value=x86_64-pc-linux-gnu
ac_cv_env_target_alias_set=set
ac_cv_env_target_alias_value=x86_64-pc-linux-gnu
ac_cv_func_setlocale=yes
ac_cv_func_symlink=yes
ac_cv_gnu_library_2_1=yes
ac_cv_header_dlfcn_h=yes
ac_cv_header_inttypes_h=yes
ac_cv_header_memory_h=yes
ac_cv_header_minix_config_h=no
ac_cv_header_stdc=yes
ac_cv_header_stdint_h=yes
ac_cv_header_stdlib_h=yes
ac_cv_header_string_h=yes
ac_cv_header_strings_h=yes
ac_cv_header_sys_stat_h=yes
ac_cv_header_sys_types_h=yes
ac_cv_header_unistd_h=yes
ac_cv_host=x86_64-pc-linux-gnu
ac_cv_objext=o
ac_cv_path_EGREP='/bin/grep -E'
ac_cv_path_FGREP='/bin/grep -F'
ac_cv_path_GREP=/bin/grep
ac_cv_path_SED=/bin/sed
ac_cv_path_install='/usr/bin/install -c'
ac_cv_path_lt_DD=/bin/dd
ac_cv_prog_AR=gcc-ar-7
ac_cv_prog_AWK=gawk
ac_cv_prog_CC=gcc-7
ac_cv_prog_CPP='gcc-7 -E'
ac_cv_prog_DLLTOOL=dlltool
ac_cv_prog_OBJDUMP=objdump
ac_cv_prog_RANLIB=gcc-ranlib-7
ac_cv_prog_STRIP=/usr/bin/strip
ac_cv_prog_ac_ct_MANIFEST_TOOL=mt
ac_cv_prog_cc_c89=
ac_cv_prog_cc_g=yes
ac_cv_prog_make_make_set=yes
ac_cv_safe_to_define___extensions__=yes
am_cv_langinfo_codeset=yes
gl_cv_cc_vis_werror=yes
gl_cv_cc_visibility=yes
gl_cv_header_working_fcntl_h=yes
lt_cv_ar_at_file=@
lt_cv_archive_cmds_need_lc=no
lt_cv_deplibs_check_method=pass_all
lt_cv_file_magic_cmd='$MAGIC_CMD'
lt_cv_file_magic_test_file=
lt_cv_ld_reload_flag=-r
lt_cv_nm_interface='BSD nm'
lt_cv_objdir=.libs
lt_cv_path_LD='ld -m elf_x86_64'
lt_cv_path_NM=gcc-nm-7
lt_cv_path_mainfest_tool=no
lt_cv_prog_compiler_c_o=yes
lt_cv_prog_compiler_pic='-fPIC -DPIC'
lt_cv_prog_compiler_pic_works=yes
lt_cv_prog_compiler_rtti_exceptions=yes
lt_cv_prog_compiler_static_works=no
lt_cv_prog_gnu_ld=yes
lt_cv_sharedlib_from_linklib_cmd='printf %s\n'
lt_cv_shlibpath_overrides_runpath=yes
lt_cv_sys_global_symbol_pipe='sed -n -e '\''s/^.*[	 ]\([ABCDGIRSTW][ABCDGIRSTW]*\)[	 ][	 ]*\([_A-Za-z][_A-Za-z0-9]*\)$/\1 \2 \2/p'\'' | sed '\''/ __gnu_lto/d'\'''
lt_cv_sys_global_symbol_to_c_name_address='sed -n -e '\''s/^: \(.*\) .*$/  {"\1", (void *) 0},/p'\'' -e '\''s/^[ABCDGIRSTW][ABCDGIRSTW]* .* \(.*\)$/  {"\1", (void *) \&\1},/p'\'''
lt_cv_sys_global_symbol_to_c_name_address_lib_prefix='sed -n -e '\''s/^: \(.*\) .*$/  {"\1", (void *) 0},/p'\'' -e '\''s/^[ABCDGIRSTW][ABCDGIRSTW]* .* \(lib.*\)$/  {"\1", (void *) \&\1},/p'\'' -e '\''s/^[ABCDGIRSTW][ABCDGIRSTW]* .* \(.*\)$/  {"lib\1", (void *) \&\1},/p'\'''
lt_cv_sys_global_symbol_to_cdecl='sed -n -e '\''s/^T .* \(.*\)$/extern int \1();/p'\'' -e '\''s/^[ABCDGIRSTW][ABCDGIRSTW]* .* \(.*\)$/extern char \1;/p'\'''
lt_cv_sys_global_symbol_to_import=
lt_cv_sys_max_cmd_len=1572864
lt_cv_to_host_file_cmd=func_convert_file_noop
lt_cv_to_tool_file_cmd=func_convert_file_noop
lt_cv_truncate_bin='/bin/dd bs=4096 count=1'

## ----------------- ##
## Output variables. ##
## ----------------- ##

AR='gcc-ar-7'
AS='as'
AWK='gawk'
CC='gcc-7'
CFLAGS='-ffunction-sections -fdata-sections -pipe -m64 -g -O0 -w -fgnu89-inline'
CFLAG_VISIBILITY='-fvisibility=hidden'
CPP='gcc-7 -E'
CPPFLAGS='-I/home/automark/Work/qemu-arm-dev/linux-x64/install/libs/include '
DEFS='-DHAVE_CONFIG_H'
DLLTOOL='dlltool'
DSYMUTIL=''
DUMPBIN=''
ECHO_C=''
ECHO_N='-n'
ECHO_T=''
EGREP='/bin/grep -E'
EXEEXT=''
FGREP='/bin/grep -F'
GLIBC21='yes'
GREP='/bin/grep'
HAVE_VISIBILITY='1'
INSTALL_DATA='${INSTALL} -m 644'
INSTALL_PROGRAM='${INSTALL}'
INSTALL_SCRIPT='${INSTALL}'
LD='ld -m elf_x86_64 -m elf_x86_64'
LDFLAGS='-L/home/automark/Work/qemu-arm-dev/linux-x64/install/libs/lib  -g -O0 -v'
LIBOBJS=''
LIBS=''
LIBTOOL='/bin/bash $(top_builddir)/libtool'
LIPO=''
LN_S='ln -s'
LTLIBOBJS=''
LT_SYS_LIBRARY_PATH=''
MANIFEST_TOOL=':'
NM='gcc-nm-7'
NMEDIT=''
OBJDUMP='objdump'
OBJEXT='o'
OTOOL64=''
OTOOL=''
PACKAGE_BUGREPORT=''
PACKAGE_NAME='libcharset'
PACKAGE_STRING='libcharset 1.4'
PACKAGE_TARNAME='libcharset'
PACKAGE_URL=''
PACKAGE_VERSION='1.4'
PATH_SEPARATOR=':'
RANLIB='gcc-ranlib-7'
RELOCATABLE='no'
SED='/bin/sed'
SET_MAKE=''
SHELL='/bin/bash'
STRIP='/usr/bin/strip'
ac_ct_AR=''
ac_ct_CC=''
ac_ct_DUMPBIN=''
bindir='${exec_prefix}/bin'
build='x86_64-pc-linux-gnu'
build_alias='x86_64-pc-linux-gnu'
build_cpu='x86_64'
build_os='linux-gnu'
build_vendor='pc'
datadir='${datarootdir}'
datarootdir='${prefix}/share'
docdir='${datarootdir}/doc/${PACKAGE_TARNAME}'
dvidir='${docdir}'
exec_prefix='${prefix}'
host='x86_64-pc-linux-gnu'
host_alias='x86_64-pc-linux-gnu'
host_cpu='x86_64'
host_os='linux-gnu'
host_vendor='pc'
htmldir='${docdir}'
includedir='${prefix}/include'
infodir='${datarootdir}/info'
libdir='${exec_prefix}/lib'
libexecdir='${exec_prefix}/libexec'
localedir='${datarootdir}/locale'
localstatedir='${prefix}/var'
mandir='${datarootdir}/man'
oldincludedir='/usr/include'
pdfdir='${docdir}'
prefix='/home/automark/Work/qemu-arm-dev/linux-x64/install/libs'
program_transform_name='s,x,x,'
psdir='${docdir}'
sbindir='${exec_prefix}/sbin'
sharedstatedir='${prefix}/com'
sysconfdir='${prefix}/etc'
target_alias='x86_64-pc-linux-gnu'

## ----------- ##
## confdefs.h. ##
## ----------- ##

/* confdefs.h */
#define PACKAGE_NAME "libcharset"
#define PACKAGE_TARNAME "libcharset"
#define PACKAGE_VERSION "1.4"
#define PACKAGE_STRING "libcharset 1.4"
#define PACKAGE_BUGREPORT ""
#define PACKAGE_URL ""
#define INSTALLPREFIX "/home/automark/Work/qemu-arm-dev/linux-x64/install/libs"
#define STDC_HEADERS 1
#define HAVE_SYS_TYPES_H 1
#define HAVE_SYS_STAT_H 1
#define HAVE_STDLIB_H 1
#define HAVE_STRING_H 1
#define HAVE_MEMORY_H 1
#define HAVE_STRINGS_H 1
#define HAVE_INTTYPES_H 1
#define HAVE_STDINT_H 1
#define HAVE_UNISTD_H 1
#define __EXTENSIONS__ 1
#define _ALL_SOURCE 1
#define _GNU_SOURCE 1
#define _POSIX_PTHREAD_SEMANTICS 1
#define _TANDEM_SOURCE 1
#define HAVE_DLFCN_H 1
#define LT_OBJDIR ".libs/"
#define HAVE_VISIBILITY 1
#define HAVE_LANGINFO_CODESET 1
#define HAVE_UNISTD_H 1
#define HAVE_SYMLINK 1
#define HAVE_WORKING_O_NOATIME 1
#define HAVE_WORKING_O_NOFOLLOW 1
#define HAVE_SETLOCALE 1

configure: exit 0
