--------------------
configure --help
Sun Oct  4 15:47:12 SAST 2020
usage:
  configure [--const] [--zprefix] [--prefix=PREFIX]  [--eprefix=EXPREFIX]
    [--static] [--64] [--libdir=LIBDIR] [--sharedlibdir=LIBDIR]
    [--includedir=INCLUDEDIR] [--archs="-arch i386 -arch x86_64"]
--------------------
configure --prefix=/home/automark/Work/qemu-arm-dev/linux-x64/install/libs
Sun Oct  4 15:47:12 SAST 2020
=== ztest20541.c ===
extern int getchar();
int hello() {return getchar();}
===
gcc-7 -c ztest20541.c
... using gcc

Checking for obsessive-compulsive compiler options...
=== ztest20541.c ===
int foo() { return 0; }
===
gcc-7 -c -ffunction-sections -fdata-sections -pipe -m64 -g -O0 -w ztest20541.c

Checking for shared library support...
=== ztest20541.c ===
extern int getchar();
int hello() {return getchar();}
===
gcc-7 -w -c -ffunction-sections -fdata-sections -pipe -m64 -g -O0 -w -fPIC ztest20541.c
gcc-7 -shared -Wl,-soname,libz.so.1,--version-script,zlib.map -ffunction-sections -fdata-sections -pipe -m64 -g -O0 -w -fPIC -o ztest20541.so ztest20541.o
Building shared library libz.so.1.2.11 with gcc-7.

=== ztest20541.c ===
#include <stdio.h>
#include <stdlib.h>
size_t dummy = 0;
===
gcc-7 -c -ffunction-sections -fdata-sections -pipe -m64 -g -O0 -w ztest20541.c
Checking for size_t... Yes.


=== ztest20541.c ===
#include <sys/types.h>
off64_t dummy = 0;
===
gcc-7 -c -ffunction-sections -fdata-sections -pipe -m64 -g -O0 -w -D_LARGEFILE64_SOURCE=1 ztest20541.c
Checking for off64_t... Yes.
Checking for fseeko... Yes.

=== ztest20541.c ===
#include <string.h>
#include <errno.h>
int main() { return strlen(strerror(errno)); }
===
gcc-7 -ffunction-sections -fdata-sections -pipe -m64 -g -O0 -w -D_LARGEFILE64_SOURCE=1 -o ztest20541 ztest20541.c
Checking for strerror... Yes.

=== ztest20541.c ===
#include <unistd.h>
int main() { return 0; }
===
gcc-7 -c -ffunction-sections -fdata-sections -pipe -m64 -g -O0 -w -D_LARGEFILE64_SOURCE=1 ztest20541.c
Checking for unistd.h... Yes.

=== ztest20541.c ===
#include <stdarg.h>
int main() { return 0; }
===
gcc-7 -c -ffunction-sections -fdata-sections -pipe -m64 -g -O0 -w -D_LARGEFILE64_SOURCE=1 ztest20541.c
Checking for stdarg.h... Yes.

=== ztest20541.c ===
#include <stdio.h>
#include <stdarg.h>
#include "zconf.h"
int main()
{
#ifndef STDC
  choke me
#endif
  return 0;
}
===
gcc-7 -c -ffunction-sections -fdata-sections -pipe -m64 -g -O0 -w -D_LARGEFILE64_SOURCE=1 ztest20541.c
Checking whether to use vs[n]printf() or s[n]printf()... using vs[n]printf().

=== ztest20541.c ===
#include <stdio.h>
#include <stdarg.h>
int mytest(const char *fmt, ...)
{
  char buf[20];
  va_list ap;
  va_start(ap, fmt);
  vsnprintf(buf, sizeof(buf), fmt, ap);
  va_end(ap);
  return 0;
}
int main()
{
  return (mytest("Hello%d\n", 1));
}
===
gcc-7 -ffunction-sections -fdata-sections -pipe -m64 -g -O0 -w -D_LARGEFILE64_SOURCE=1 -o ztest20541 ztest20541.c
Checking for vsnprintf() in stdio.h... Yes.

=== ztest20541.c ===
#include <stdio.h>
#include <stdarg.h>
int mytest(const char *fmt, ...)
{
  int n;
  char buf[20];
  va_list ap;
  va_start(ap, fmt);
  n = vsnprintf(buf, sizeof(buf), fmt, ap);
  va_end(ap);
  return n;
}
int main()
{
  return (mytest("Hello%d\n", 1));
}
===
gcc-7 -c -ffunction-sections -fdata-sections -pipe -m64 -g -O0 -w -D_LARGEFILE64_SOURCE=1 ztest20541.c
Checking for return value of vsnprintf()... Yes.

=== ztest20541.c ===
#define ZLIB_INTERNAL __attribute__((visibility ("hidden")))
int ZLIB_INTERNAL foo;
int main()
{
  return 0;
}
===
gcc-7 -c -ffunction-sections -fdata-sections -pipe -m64 -g -O0 -w -D_LARGEFILE64_SOURCE=1 ztest20541.c
Checking for attribute(visibility) support... Yes.

ALL = static shared all64
AR = gcc-ar-7
ARFLAGS = rc
CC = gcc-7
CFLAGS = -ffunction-sections -fdata-sections -pipe -m64 -g -O0 -w -D_LARGEFILE64_SOURCE=1 -DHAVE_HIDDEN
CPP = gcc-7 -E
EXE =
LDCONFIG = ldconfig
LDFLAGS = -L/home/automark/Work/qemu-arm-dev/linux-x64/install/libs/lib -g -O0 -v
LDSHARED = gcc-7 -shared -Wl,-soname,libz.so.1,--version-script,zlib.map
LDSHAREDLIBC = -lc
OBJC = $(OBJZ) $(OBJG)
PIC_OBJC = $(PIC_OBJZ) $(PIC_OBJG)
RANLIB = gcc-ranlib-7
SFLAGS = -ffunction-sections -fdata-sections -pipe -m64 -g -O0 -w -fPIC -D_LARGEFILE64_SOURCE=1 -DHAVE_HIDDEN
SHAREDLIB = libz.so
SHAREDLIBM = libz.so.1
SHAREDLIBV = libz.so.1.2.11
STATICLIB = libz.a
TEST = all teststatic testshared test64
VER = 1.2.11
Z_U4 =
SRCDIR =
exec_prefix = ${prefix}
includedir = ${prefix}/include
libdir = ${exec_prefix}/lib
mandir = ${prefix}/share/man
prefix = /home/automark/Work/qemu-arm-dev/linux-x64/install/libs
sharedlibdir = ${libdir}
uname = Linux
--------------------


